#
# There is insufficient memory for the Java Runtime Environment to continue.
# Native memory allocation (malloc) failed to allocate 32744 bytes for ChunkPool::allocate
# Possible reasons:
#   The system is out of physical RAM or swap space
#   The process is running with CompressedOops enabled, and the Java Heap may be blocking the growth of the native heap
# Possible solutions:
#   Reduce memory load on the system
#   Increase physical memory or swap space
#   Check if swap backing store is full
#   Decrease Java heap size (-Xmx/-Xms)
#   Decrease number of Java threads
#   Decrease Java thread stack sizes (-Xss)
#   Set larger code cache with -XX:ReservedCodeCacheSize=
#   JVM is running with Unscaled Compressed Oops mode in which the Java heap is
#     placed in the first 4GB address space. The Java Heap base address is the
#     maximum limit for the native heap growth. Please use -XX:HeapBaseMinAddress
#     to set the Java Heap base and to place the Java Heap above 4GB virtual address.
# This output file may be truncated or incomplete.
#
#  Out of Memory Error (./open/src/hotspot/share/memory/arena.cpp:81), pid=188, tid=6940
#
# JRE version: Java(TM) SE Runtime Environment 18.9 (11.0.15+8) (build 11.0.15+8-LTS-149)
# Java VM: Java HotSpot(TM) 64-Bit Server VM 18.9 (11.0.15+8-LTS-149, mixed mode, tiered, compressed oops, g1 gc, windows-amd64)
# No core dump will be written. Minidumps are not enabled by default on client versions of Windows
#

---------------  S U M M A R Y ------------

Command Line: -ea -Duser.language=en -Didea.test.cyclic.buffer.size=1048576 -javaagent:C:\Program Files\JetBrains\IntelliJ IDEA Community Edition 2022.1.1\lib\idea_rt.jar=50610:C:\Program Files\JetBrains\IntelliJ IDEA Community Edition 2022.1.1\bin -Dfile.encoding=UTF-8 com.intellij.rt.junit.JUnitStarter -ideVersion5 -junit4 get_request.Get04,test01

Host: Intel(R) Core(TM) i5-4200U CPU @ 1.60GHz, 4 cores, 7G,  Windows 10 , 64 bit Build 19041 (10.0.19041.1889)
Time: Wed Oct 26 22:05:56 2022 Turkey Standard Time elapsed time: 6.782680 seconds (0d 0h 0m 6s)

---------------  T H R E A D  ---------------

Current thread (0x000002407fcf2000):  JavaThread "C2 CompilerThread0" daemon [_thread_in_native, id=6940, stack(0x000000c643700000,0x000000c643800000)]


Current CompileTask:
C2:   6782 3296       4       com.sun.beans.TypeResolver::resolve (37 bytes)

Stack: [0x000000c643700000,0x000000c643800000]
Native frames: (J=compiled Java code, j=interpreted, Vv=VM code, C=native code)
V  [jvm.dll+0x629d8a]
V  [jvm.dll+0x7638ff]
V  [jvm.dll+0x764fa9]
V  [jvm.dll+0x765633]
V  [jvm.dll+0x23d9c8]
V  [jvm.dll+0xb2c7b]
V  [jvm.dll+0xb2fdc]
V  [jvm.dll+0x346788]
V  [jvm.dll+0x345c31]
V  [jvm.dll+0x345c74]
V  [jvm.dll+0x5227a6]
V  [jvm.dll+0x522f12]
V  [jvm.dll+0x30e9e2]
V  [jvm.dll+0x30dcfa]
V  [jvm.dll+0x1f8565]
V  [jvm.dll+0x1f774d]
V  [jvm.dll+0x177c51]
V  [jvm.dll+0x207026]
V  [jvm.dll+0x2051bb]
V  [jvm.dll+0x729820]
V  [jvm.dll+0x7223f4]
V  [jvm.dll+0x628c26]
C  [ucrtbase.dll+0x21bb2]
C  [KERNEL32.DLL+0x17034]
C  [ntdll.dll+0x526a1]


---------------  P R O C E S S  ---------------

Threads class SMR info:
_java_thread_list=0x00000240169e6b10, length=14, elements={
0x0000024077542000, 0x000002407fcd7800, 0x000002407fcda800, 0x0000024015762800,
0x000002407fced000, 0x000002407fcee000, 0x000002407fcf2000, 0x000002407fcff800,
0x0000024015784000, 0x000002407fc67000, 0x0000024015a29800, 0x00000240168bc000,
0x00000240169ff000, 0x0000024016a00000
}

Java Threads: ( => current thread )
  0x0000024077542000 JavaThread "main" [_thread_in_vm, id=13896, stack(0x000000c642b00000,0x000000c642c00000)]
  0x000002407fcd7800 JavaThread "Reference Handler" daemon [_thread_blocked, id=20040, stack(0x000000c643200000,0x000000c643300000)]
  0x000002407fcda800 JavaThread "Finalizer" daemon [_thread_blocked, id=18476, stack(0x000000c643300000,0x000000c643400000)]
  0x0000024015762800 JavaThread "Signal Dispatcher" daemon [_thread_blocked, id=18732, stack(0x000000c643400000,0x000000c643500000)]
  0x000002407fced000 JavaThread "Attach Listener" daemon [_thread_blocked, id=19588, stack(0x000000c643500000,0x000000c643600000)]
  0x000002407fcee000 JavaThread "Service Thread" daemon [_thread_blocked, id=1236, stack(0x000000c643600000,0x000000c643700000)]
=>0x000002407fcf2000 JavaThread "C2 CompilerThread0" daemon [_thread_in_native, id=6940, stack(0x000000c643700000,0x000000c643800000)]
  0x000002407fcff800 JavaThread "C1 CompilerThread0" daemon [_thread_blocked, id=18296, stack(0x000000c643800000,0x000000c643900000)]
  0x0000024015784000 JavaThread "Sweeper thread" daemon [_thread_blocked, id=20452, stack(0x000000c643900000,0x000000c643a00000)]
  0x000002407fc67000 JavaThread "Common-Cleaner" daemon [_thread_blocked, id=17964, stack(0x000000c643a00000,0x000000c643b00000)]
  0x0000024015a29800 JavaThread "Monitor Ctrl-Break" daemon [_thread_in_native, id=18896, stack(0x000000c643c00000,0x000000c643d00000)]
  0x00000240168bc000 JavaThread "ForkJoinPool.commonPool-worker-3" daemon [_thread_blocked, id=11060, stack(0x000000c644000000,0x000000c644100000)]
  0x00000240169ff000 JavaThread "ForkJoinPool.commonPool-worker-5" daemon [_thread_blocked, id=12928, stack(0x000000c644100000,0x000000c644200000)]
  0x0000024016a00000 JavaThread "ForkJoinPool.commonPool-worker-7" daemon [_thread_blocked, id=13644, stack(0x000000c644200000,0x000000c644300000)]

Other Threads:
  0x000002407fcb2000 VMThread "VM Thread" [stack: 0x000000c643100000,0x000000c643200000] [id=19196]
  0x0000024015a2b800 WatcherThread [stack: 0x000000c643d00000,0x000000c643e00000] [id=19900]
  0x0000024077559800 GCTaskThread "GC Thread#0" [stack: 0x000000c642c00000,0x000000c642d00000] [id=16104]
  0x00000240162ad800 GCTaskThread "GC Thread#1" [stack: 0x000000c643b00000,0x000000c643c00000] [id=19864]
  0x000002401612b800 GCTaskThread "GC Thread#2" [stack: 0x000000c643e00000,0x000000c643f00000] [id=9736]
  0x000002407553e000 ConcurrentGCThread "G1 Main Marker" [stack: 0x000000c642d00000,0x000000c642e00000] [id=19188]
  0x0000024077586800 ConcurrentGCThread "G1 Conc#0" [stack: 0x000000c642e00000,0x000000c642f00000] [id=16948]
  0x0000024077616000 ConcurrentGCThread "G1 Refine#0" [stack: 0x000000c642f00000,0x000000c643000000] [id=17380]
  0x0000024015af1800 ConcurrentGCThread "G1 Refine#1" [stack: 0x000000c643f00000,0x000000c644000000] [id=16852]
  0x0000024077618000 ConcurrentGCThread "G1 Young RemSet Sampling" [stack: 0x000000c643000000,0x000000c643100000] [id=18456]

Threads with active compile tasks:
C2 CompilerThread0   6851 3296       4       com.sun.beans.TypeResolver::resolve (37 bytes)

VM state:not at safepoint (normal execution)

VM Mutex/Monitor currently owned by a thread: None

Heap address: 0x0000000081c00000, size: 2020 MB, Compressed Oops mode: 32-bit
Narrow klass base: 0x0000000000000000, Narrow klass shift: 3
Compressed class space size: 1073741824 Address: 0x0000000100000000

Heap:
 garbage-first heap   total 157696K, used 24703K [0x0000000081c00000, 0x0000000100000000)
  region size 1024K, 12 young (12288K), 6 survivors (6144K)
 Metaspace       used 30313K, capacity 31428K, committed 31664K, reserved 1077248K
  class space    used 3469K, capacity 4003K, committed 4096K, reserved 1048576K
Heap Regions: E=young(eden), S=young(survivor), O=old, HS=humongous(starts), HC=humongous(continues), CS=collection set, F=free, A=archive, TAMS=top-at-mark-start (previous, next)
|   0|0x0000000081c00000, 0x0000000081d00000, 0x0000000081d00000|100%| O|  |TAMS 0x0000000081d00000, 0x0000000081c00000| Untracked 
|   1|0x0000000081d00000, 0x0000000081e00000, 0x0000000081e00000|100%| O|  |TAMS 0x0000000081e00000, 0x0000000081d00000| Untracked 
|   2|0x0000000081e00000, 0x0000000081f00000, 0x0000000081f00000|100%| O|  |TAMS 0x0000000081f00000, 0x0000000081e00000| Untracked 
|   3|0x0000000081f00000, 0x0000000082000000, 0x0000000082000000|100%| O|  |TAMS 0x0000000082000000, 0x0000000081f00000| Untracked 
|   4|0x0000000082000000, 0x0000000082100000, 0x0000000082100000|100%| O|  |TAMS 0x0000000082100000, 0x0000000082000000| Untracked 
|   5|0x0000000082100000, 0x0000000082200000, 0x0000000082200000|100%| O|  |TAMS 0x0000000082200000, 0x0000000082100000| Untracked 
|   6|0x0000000082200000, 0x0000000082300000, 0x0000000082300000|100%| O|  |TAMS 0x0000000082300000, 0x0000000082200000| Untracked 
|   7|0x0000000082300000, 0x0000000082400000, 0x0000000082400000|100%| O|  |TAMS 0x0000000082400000, 0x0000000082300000| Untracked 
|   8|0x0000000082400000, 0x0000000082500000, 0x0000000082500000|100%| O|  |TAMS 0x000000008249fc00, 0x0000000082400000| Untracked 
|   9|0x0000000082500000, 0x0000000082600000, 0x0000000082600000|100%| O|  |TAMS 0x0000000082500000, 0x0000000082500000| Untracked 
|  10|0x0000000082600000, 0x0000000082700000, 0x0000000082700000|100%| O|  |TAMS 0x0000000082600000, 0x0000000082600000| Untracked 
|  11|0x0000000082700000, 0x0000000082800000, 0x0000000082800000|100%| O|  |TAMS 0x0000000082700000, 0x0000000082700000| Untracked 
|  12|0x0000000082800000, 0x0000000082900000, 0x0000000082900000|100%| O|  |TAMS 0x0000000082800000, 0x0000000082800000| Untracked 
|  13|0x0000000082900000, 0x0000000082a00000, 0x0000000082a00000|100%| O|  |TAMS 0x0000000082900000, 0x0000000082900000| Untracked 
|  14|0x0000000082a00000, 0x0000000082a1fc00, 0x0000000082b00000| 12%| O|  |TAMS 0x0000000082a00000, 0x0000000082a00000| Untracked 
|  15|0x0000000082b00000, 0x0000000082b00000, 0x0000000082c00000|  0%| F|  |TAMS 0x0000000082b00000, 0x0000000082b00000| Untracked 
|  16|0x0000000082c00000, 0x0000000082c00000, 0x0000000082d00000|  0%| F|  |TAMS 0x0000000082c00000, 0x0000000082c00000| Untracked 
|  17|0x0000000082d00000, 0x0000000082d00000, 0x0000000082e00000|  0%| F|  |TAMS 0x0000000082d00000, 0x0000000082d00000| Untracked 
|  18|0x0000000082e00000, 0x0000000082e00000, 0x0000000082f00000|  0%| F|  |TAMS 0x0000000082e00000, 0x0000000082e00000| Untracked 
|  19|0x0000000082f00000, 0x0000000082f00000, 0x0000000083000000|  0%| F|  |TAMS 0x0000000082f00000, 0x0000000082f00000| Untracked 
|  20|0x0000000083000000, 0x0000000083000000, 0x0000000083100000|  0%| F|  |TAMS 0x0000000083000000, 0x0000000083000000| Untracked 
|  21|0x0000000083100000, 0x0000000083100000, 0x0000000083200000|  0%| F|  |TAMS 0x0000000083100000, 0x0000000083100000| Untracked 
|  22|0x0000000083200000, 0x0000000083200000, 0x0000000083300000|  0%| F|  |TAMS 0x0000000083200000, 0x0000000083200000| Untracked 
|  23|0x0000000083300000, 0x0000000083300000, 0x0000000083400000|  0%| F|  |TAMS 0x0000000083300000, 0x0000000083300000| Untracked 
|  24|0x0000000083400000, 0x0000000083400000, 0x0000000083500000|  0%| F|  |TAMS 0x0000000083400000, 0x0000000083400000| Untracked 
|  25|0x0000000083500000, 0x0000000083500000, 0x0000000083600000|  0%| F|  |TAMS 0x0000000083500000, 0x0000000083500000| Untracked 
|  26|0x0000000083600000, 0x0000000083600000, 0x0000000083700000|  0%| F|  |TAMS 0x0000000083600000, 0x0000000083600000| Untracked 
|  27|0x0000000083700000, 0x0000000083700000, 0x0000000083800000|  0%| F|  |TAMS 0x0000000083700000, 0x0000000083700000| Untracked 
|  28|0x0000000083800000, 0x0000000083800000, 0x0000000083900000|  0%| F|  |TAMS 0x0000000083800000, 0x0000000083800000| Untracked 
|  29|0x0000000083900000, 0x0000000083900000, 0x0000000083a00000|  0%| F|  |TAMS 0x0000000083900000, 0x0000000083900000| Untracked 
|  30|0x0000000083a00000, 0x0000000083a00000, 0x0000000083b00000|  0%| F|  |TAMS 0x0000000083a00000, 0x0000000083a00000| Untracked 
|  31|0x0000000083b00000, 0x0000000083b00000, 0x0000000083c00000|  0%| F|  |TAMS 0x0000000083b00000, 0x0000000083b00000| Untracked 
|  32|0x0000000083c00000, 0x0000000083c00000, 0x0000000083d00000|  0%| F|  |TAMS 0x0000000083c00000, 0x0000000083c00000| Untracked 
|  33|0x0000000083d00000, 0x0000000083d00000, 0x0000000083e00000|  0%| F|  |TAMS 0x0000000083d00000, 0x0000000083d00000| Untracked 
|  34|0x0000000083e00000, 0x0000000083e00000, 0x0000000083f00000|  0%| F|  |TAMS 0x0000000083e00000, 0x0000000083e00000| Untracked 
|  35|0x0000000083f00000, 0x0000000083f00000, 0x0000000084000000|  0%| F|  |TAMS 0x0000000083f00000, 0x0000000083f00000| Untracked 
|  36|0x0000000084000000, 0x0000000084000000, 0x0000000084100000|  0%| F|  |TAMS 0x0000000084000000, 0x0000000084000000| Untracked 
|  37|0x0000000084100000, 0x0000000084100000, 0x0000000084200000|  0%| F|  |TAMS 0x0000000084100000, 0x0000000084100000| Untracked 
|  38|0x0000000084200000, 0x0000000084200000, 0x0000000084300000|  0%| F|  |TAMS 0x0000000084200000, 0x0000000084200000| Untracked 
|  39|0x0000000084300000, 0x0000000084300000, 0x0000000084400000|  0%| F|  |TAMS 0x0000000084300000, 0x0000000084300000| Untracked 
|  40|0x0000000084400000, 0x0000000084400000, 0x0000000084500000|  0%| F|  |TAMS 0x0000000084400000, 0x0000000084400000| Untracked 
|  41|0x0000000084500000, 0x0000000084500000, 0x0000000084600000|  0%| F|  |TAMS 0x0000000084500000, 0x0000000084500000| Untracked 
|  42|0x0000000084600000, 0x0000000084600000, 0x0000000084700000|  0%| F|  |TAMS 0x0000000084600000, 0x0000000084600000| Untracked 
|  43|0x0000000084700000, 0x0000000084700000, 0x0000000084800000|  0%| F|  |TAMS 0x0000000084700000, 0x0000000084700000| Untracked 
|  44|0x0000000084800000, 0x0000000084800000, 0x0000000084900000|  0%| F|  |TAMS 0x0000000084800000, 0x0000000084800000| Untracked 
|  45|0x0000000084900000, 0x0000000084900000, 0x0000000084a00000|  0%| F|  |TAMS 0x0000000084900000, 0x0000000084900000| Untracked 
|  46|0x0000000084a00000, 0x0000000084a00000, 0x0000000084b00000|  0%| F|  |TAMS 0x0000000084a00000, 0x0000000084a00000| Untracked 
|  47|0x0000000084b00000, 0x0000000084b00000, 0x0000000084c00000|  0%| F|  |TAMS 0x0000000084b00000, 0x0000000084b00000| Untracked 
|  48|0x0000000084c00000, 0x0000000084c00000, 0x0000000084d00000|  0%| F|  |TAMS 0x0000000084c00000, 0x0000000084c00000| Untracked 
|  49|0x0000000084d00000, 0x0000000084d00000, 0x0000000084e00000|  0%| F|  |TAMS 0x0000000084d00000, 0x0000000084d00000| Untracked 
|  50|0x0000000084e00000, 0x0000000084e00000, 0x0000000084f00000|  0%| F|  |TAMS 0x0000000084e00000, 0x0000000084e00000| Untracked 
|  51|0x0000000084f00000, 0x0000000084f00000, 0x0000000085000000|  0%| F|  |TAMS 0x0000000084f00000, 0x0000000084f00000| Untracked 
|  52|0x0000000085000000, 0x0000000085000000, 0x0000000085100000|  0%| F|  |TAMS 0x0000000085000000, 0x0000000085000000| Untracked 
|  53|0x0000000085100000, 0x0000000085100000, 0x0000000085200000|  0%| F|  |TAMS 0x0000000085100000, 0x0000000085100000| Untracked 
|  54|0x0000000085200000, 0x0000000085200000, 0x0000000085300000|  0%| F|  |TAMS 0x0000000085200000, 0x0000000085200000| Untracked 
|  55|0x0000000085300000, 0x0000000085300000, 0x0000000085400000|  0%| F|  |TAMS 0x0000000085300000, 0x0000000085300000| Untracked 
|  56|0x0000000085400000, 0x0000000085400000, 0x0000000085500000|  0%| F|  |TAMS 0x0000000085400000, 0x0000000085400000| Untracked 
|  57|0x0000000085500000, 0x0000000085500000, 0x0000000085600000|  0%| F|  |TAMS 0x0000000085500000, 0x0000000085500000| Untracked 
|  58|0x0000000085600000, 0x0000000085600000, 0x0000000085700000|  0%| F|  |TAMS 0x0000000085600000, 0x0000000085600000| Untracked 
|  59|0x0000000085700000, 0x0000000085700000, 0x0000000085800000|  0%| F|  |TAMS 0x0000000085700000, 0x0000000085700000| Untracked 
|  60|0x0000000085800000, 0x0000000085800000, 0x0000000085900000|  0%| F|  |TAMS 0x0000000085800000, 0x0000000085800000| Untracked 
|  61|0x0000000085900000, 0x0000000085900000, 0x0000000085a00000|  0%| F|  |TAMS 0x0000000085900000, 0x0000000085900000| Untracked 
|  62|0x0000000085a00000, 0x0000000085a00000, 0x0000000085b00000|  0%| F|  |TAMS 0x0000000085a00000, 0x0000000085a00000| Untracked 
|  63|0x0000000085b00000, 0x0000000085b00000, 0x0000000085c00000|  0%| F|  |TAMS 0x0000000085b00000, 0x0000000085b00000| Untracked 
|  64|0x0000000085c00000, 0x0000000085c00000, 0x0000000085d00000|  0%| F|  |TAMS 0x0000000085c00000, 0x0000000085c00000| Untracked 
|  65|0x0000000085d00000, 0x0000000085d00000, 0x0000000085e00000|  0%| F|  |TAMS 0x0000000085d00000, 0x0000000085d00000| Untracked 
|  66|0x0000000085e00000, 0x0000000085e00000, 0x0000000085f00000|  0%| F|  |TAMS 0x0000000085e00000, 0x0000000085e00000| Untracked 
|  67|0x0000000085f00000, 0x0000000085f00000, 0x0000000086000000|  0%| F|  |TAMS 0x0000000085f00000, 0x0000000085f00000| Untracked 
|  68|0x0000000086000000, 0x0000000086000000, 0x0000000086100000|  0%| F|  |TAMS 0x0000000086000000, 0x0000000086000000| Untracked 
|  69|0x0000000086100000, 0x0000000086100000, 0x0000000086200000|  0%| F|  |TAMS 0x0000000086100000, 0x0000000086100000| Untracked 
|  70|0x0000000086200000, 0x0000000086200000, 0x0000000086300000|  0%| F|  |TAMS 0x0000000086200000, 0x0000000086200000| Untracked 
|  71|0x0000000086300000, 0x0000000086300000, 0x0000000086400000|  0%| F|  |TAMS 0x0000000086300000, 0x0000000086300000| Untracked 
|  72|0x0000000086400000, 0x0000000086400000, 0x0000000086500000|  0%| F|  |TAMS 0x0000000086400000, 0x0000000086400000| Untracked 
|  73|0x0000000086500000, 0x0000000086500000, 0x0000000086600000|  0%| F|  |TAMS 0x0000000086500000, 0x0000000086500000| Untracked 
|  74|0x0000000086600000, 0x0000000086600000, 0x0000000086700000|  0%| F|  |TAMS 0x0000000086600000, 0x0000000086600000| Untracked 
|  75|0x0000000086700000, 0x0000000086700000, 0x0000000086800000|  0%| F|  |TAMS 0x0000000086700000, 0x0000000086700000| Untracked 
|  76|0x0000000086800000, 0x0000000086800000, 0x0000000086900000|  0%| F|  |TAMS 0x0000000086800000, 0x0000000086800000| Untracked 
|  77|0x0000000086900000, 0x0000000086900000, 0x0000000086a00000|  0%| F|  |TAMS 0x0000000086900000, 0x0000000086900000| Untracked 
|  78|0x0000000086a00000, 0x0000000086a00000, 0x0000000086b00000|  0%| F|  |TAMS 0x0000000086a00000, 0x0000000086a00000| Untracked 
|  79|0x0000000086b00000, 0x0000000086b00000, 0x0000000086c00000|  0%| F|  |TAMS 0x0000000086b00000, 0x0000000086b00000| Untracked 
|  80|0x0000000086c00000, 0x0000000086c00000, 0x0000000086d00000|  0%| F|  |TAMS 0x0000000086c00000, 0x0000000086c00000| Untracked 
|  81|0x0000000086d00000, 0x0000000086d00000, 0x0000000086e00000|  0%| F|  |TAMS 0x0000000086d00000, 0x0000000086d00000| Untracked 
|  82|0x0000000086e00000, 0x0000000086e00000, 0x0000000086f00000|  0%| F|  |TAMS 0x0000000086e00000, 0x0000000086e00000| Untracked 
|  83|0x0000000086f00000, 0x0000000086f00000, 0x0000000087000000|  0%| F|  |TAMS 0x0000000086f00000, 0x0000000086f00000| Untracked 
|  84|0x0000000087000000, 0x0000000087000000, 0x0000000087100000|  0%| F|  |TAMS 0x0000000087000000, 0x0000000087000000| Untracked 
|  85|0x0000000087100000, 0x0000000087100000, 0x0000000087200000|  0%| F|  |TAMS 0x0000000087100000, 0x0000000087100000| Untracked 
|  86|0x0000000087200000, 0x0000000087200000, 0x0000000087300000|  0%| F|  |TAMS 0x0000000087200000, 0x0000000087200000| Untracked 
|  87|0x0000000087300000, 0x0000000087300000, 0x0000000087400000|  0%| F|  |TAMS 0x0000000087300000, 0x0000000087300000| Untracked 
|  88|0x0000000087400000, 0x0000000087400000, 0x0000000087500000|  0%| F|  |TAMS 0x0000000087400000, 0x0000000087400000| Untracked 
|  89|0x0000000087500000, 0x0000000087500000, 0x0000000087600000|  0%| F|  |TAMS 0x0000000087500000, 0x0000000087500000| Untracked 
|  90|0x0000000087600000, 0x0000000087600000, 0x0000000087700000|  0%| F|  |TAMS 0x0000000087600000, 0x0000000087600000| Untracked 
|  91|0x0000000087700000, 0x0000000087700000, 0x0000000087800000|  0%| F|  |TAMS 0x0000000087700000, 0x0000000087700000| Untracked 
|  92|0x0000000087800000, 0x0000000087800000, 0x0000000087900000|  0%| F|  |TAMS 0x0000000087800000, 0x0000000087800000| Untracked 
|  93|0x0000000087900000, 0x0000000087900000, 0x0000000087a00000|  0%| F|  |TAMS 0x0000000087900000, 0x0000000087900000| Untracked 
|  94|0x0000000087a00000, 0x0000000087a00000, 0x0000000087b00000|  0%| F|  |TAMS 0x0000000087a00000, 0x0000000087a00000| Untracked 
|  95|0x0000000087b00000, 0x0000000087b00000, 0x0000000087c00000|  0%| F|  |TAMS 0x0000000087b00000, 0x0000000087b00000| Untracked 
|  96|0x0000000087c00000, 0x0000000087c00000, 0x0000000087d00000|  0%| F|  |TAMS 0x0000000087c00000, 0x0000000087c00000| Untracked 
|  97|0x0000000087d00000, 0x0000000087d00000, 0x0000000087e00000|  0%| F|  |TAMS 0x0000000087d00000, 0x0000000087d00000| Untracked 
|  98|0x0000000087e00000, 0x0000000087e00000, 0x0000000087f00000|  0%| F|  |TAMS 0x0000000087e00000, 0x0000000087e00000| Untracked 
|  99|0x0000000087f00000, 0x0000000087f00000, 0x0000000088000000|  0%| F|  |TAMS 0x0000000087f00000, 0x0000000087f00000| Untracked 
| 100|0x0000000088000000, 0x0000000088000000, 0x0000000088100000|  0%| F|  |TAMS 0x0000000088000000, 0x0000000088000000| Untracked 
| 101|0x0000000088100000, 0x0000000088100000, 0x0000000088200000|  0%| F|  |TAMS 0x0000000088100000, 0x0000000088100000| Untracked 
| 102|0x0000000088200000, 0x0000000088300000, 0x0000000088300000|100%| S|CS|TAMS 0x0000000088200000, 0x0000000088200000| Complete 
| 103|0x0000000088300000, 0x0000000088400000, 0x0000000088400000|100%| S|CS|TAMS 0x0000000088300000, 0x0000000088300000| Complete 
| 104|0x0000000088400000, 0x0000000088500000, 0x0000000088500000|100%| S|CS|TAMS 0x0000000088400000, 0x0000000088400000| Complete 
| 105|0x0000000088500000, 0x0000000088600000, 0x0000000088600000|100%| S|CS|TAMS 0x0000000088500000, 0x0000000088500000| Complete 
| 106|0x0000000088600000, 0x0000000088700000, 0x0000000088700000|100%| S|CS|TAMS 0x0000000088600000, 0x0000000088600000| Complete 
| 107|0x0000000088700000, 0x0000000088800000, 0x0000000088800000|100%| S|CS|TAMS 0x0000000088700000, 0x0000000088700000| Complete 
| 108|0x0000000088800000, 0x0000000088800000, 0x0000000088900000|  0%| F|  |TAMS 0x0000000088800000, 0x0000000088800000| Untracked 
| 109|0x0000000088900000, 0x0000000088900000, 0x0000000088a00000|  0%| F|  |TAMS 0x0000000088900000, 0x0000000088900000| Untracked 
| 110|0x0000000088a00000, 0x0000000088a00000, 0x0000000088b00000|  0%| F|  |TAMS 0x0000000088a00000, 0x0000000088a00000| Untracked 
| 111|0x0000000088b00000, 0x0000000088b00000, 0x0000000088c00000|  0%| F|  |TAMS 0x0000000088b00000, 0x0000000088b00000| Untracked 
| 112|0x0000000088c00000, 0x0000000088c00000, 0x0000000088d00000|  0%| F|  |TAMS 0x0000000088c00000, 0x0000000088c00000| Untracked 
| 113|0x0000000088d00000, 0x0000000088d00000, 0x0000000088e00000|  0%| F|  |TAMS 0x0000000088d00000, 0x0000000088d00000| Untracked 
| 114|0x0000000088e00000, 0x0000000088e00000, 0x0000000088f00000|  0%| F|  |TAMS 0x0000000088e00000, 0x0000000088e00000| Untracked 
| 115|0x0000000088f00000, 0x0000000088f00000, 0x0000000089000000|  0%| F|  |TAMS 0x0000000088f00000, 0x0000000088f00000| Untracked 
| 116|0x0000000089000000, 0x0000000089000000, 0x0000000089100000|  0%| F|  |TAMS 0x0000000089000000, 0x0000000089000000| Untracked 
| 117|0x0000000089100000, 0x0000000089100000, 0x0000000089200000|  0%| F|  |TAMS 0x0000000089100000, 0x0000000089100000| Untracked 
| 118|0x0000000089200000, 0x0000000089200000, 0x0000000089300000|  0%| F|  |TAMS 0x0000000089200000, 0x0000000089200000| Untracked 
| 119|0x0000000089300000, 0x0000000089300000, 0x0000000089400000|  0%| F|  |TAMS 0x0000000089300000, 0x0000000089300000| Untracked 
| 120|0x0000000089400000, 0x0000000089400000, 0x0000000089500000|  0%| F|  |TAMS 0x0000000089400000, 0x0000000089400000| Untracked 
| 121|0x0000000089500000, 0x0000000089500000, 0x0000000089600000|  0%| F|  |TAMS 0x0000000089500000, 0x0000000089500000| Untracked 
| 122|0x0000000089600000, 0x0000000089600000, 0x0000000089700000|  0%| F|  |TAMS 0x0000000089600000, 0x0000000089600000| Untracked 
| 123|0x0000000089700000, 0x0000000089700000, 0x0000000089800000|  0%| F|  |TAMS 0x0000000089700000, 0x0000000089700000| Untracked 
| 124|0x0000000089800000, 0x0000000089800000, 0x0000000089900000|  0%| F|  |TAMS 0x0000000089800000, 0x0000000089800000| Untracked 
| 125|0x0000000089900000, 0x0000000089900000, 0x0000000089a00000|  0%| F|  |TAMS 0x0000000089900000, 0x0000000089900000| Untracked 
| 126|0x0000000089a00000, 0x0000000089a00000, 0x0000000089b00000|  0%| F|  |TAMS 0x0000000089a00000, 0x0000000089a00000| Untracked 
| 127|0x0000000089b00000, 0x0000000089b00000, 0x0000000089c00000|  0%| F|  |TAMS 0x0000000089b00000, 0x0000000089b00000| Untracked 
| 128|0x0000000089c00000, 0x0000000089c00000, 0x0000000089d00000|  0%| F|  |TAMS 0x0000000089c00000, 0x0000000089c00000| Untracked 
| 129|0x0000000089d00000, 0x0000000089d00000, 0x0000000089e00000|  0%| F|  |TAMS 0x0000000089d00000, 0x0000000089d00000| Untracked 
| 130|0x0000000089e00000, 0x0000000089e00000, 0x0000000089f00000|  0%| F|  |TAMS 0x0000000089e00000, 0x0000000089e00000| Untracked 
| 131|0x0000000089f00000, 0x0000000089f00000, 0x000000008a000000|  0%| F|  |TAMS 0x0000000089f00000, 0x0000000089f00000| Untracked 
| 132|0x000000008a000000, 0x000000008a000000, 0x000000008a100000|  0%| F|  |TAMS 0x000000008a000000, 0x000000008a000000| Untracked 
| 133|0x000000008a100000, 0x000000008a100000, 0x000000008a200000|  0%| F|  |TAMS 0x000000008a100000, 0x000000008a100000| Untracked 
| 134|0x000000008a200000, 0x000000008a200000, 0x000000008a300000|  0%| F|  |TAMS 0x000000008a200000, 0x000000008a200000| Untracked 
| 135|0x000000008a300000, 0x000000008a300000, 0x000000008a400000|  0%| F|  |TAMS 0x000000008a300000, 0x000000008a300000| Untracked 
| 136|0x000000008a400000, 0x000000008a400000, 0x000000008a500000|  0%| F|  |TAMS 0x000000008a400000, 0x000000008a400000| Untracked 
| 137|0x000000008a500000, 0x000000008a500000, 0x000000008a600000|  0%| F|  |TAMS 0x000000008a500000, 0x000000008a500000| Untracked 
| 138|0x000000008a600000, 0x000000008a600000, 0x000000008a700000|  0%| F|  |TAMS 0x000000008a600000, 0x000000008a600000| Untracked 
| 139|0x000000008a700000, 0x000000008a700000, 0x000000008a800000|  0%| F|  |TAMS 0x000000008a700000, 0x000000008a700000| Untracked 
| 140|0x000000008a800000, 0x000000008a800000, 0x000000008a900000|  0%| F|  |TAMS 0x000000008a800000, 0x000000008a800000| Untracked 
| 141|0x000000008a900000, 0x000000008a900000, 0x000000008aa00000|  0%| F|  |TAMS 0x000000008a900000, 0x000000008a900000| Untracked 
| 142|0x000000008aa00000, 0x000000008aa00000, 0x000000008ab00000|  0%| F|  |TAMS 0x000000008aa00000, 0x000000008aa00000| Untracked 
| 143|0x000000008ab00000, 0x000000008ab00000, 0x000000008ac00000|  0%| F|  |TAMS 0x000000008ab00000, 0x000000008ab00000| Untracked 
| 144|0x000000008ac00000, 0x000000008ac00000, 0x000000008ad00000|  0%| F|  |TAMS 0x000000008ac00000, 0x000000008ac00000| Untracked 
| 145|0x000000008ad00000, 0x000000008ad00000, 0x000000008ae00000|  0%| F|  |TAMS 0x000000008ad00000, 0x000000008ad00000| Untracked 
| 146|0x000000008ae00000, 0x000000008ae00000, 0x000000008af00000|  0%| F|  |TAMS 0x000000008ae00000, 0x000000008ae00000| Untracked 
| 147|0x000000008af00000, 0x000000008af00000, 0x000000008b000000|  0%| F|  |TAMS 0x000000008af00000, 0x000000008af00000| Untracked 
| 148|0x000000008b000000, 0x000000008b080800, 0x000000008b100000| 50%| E|  |TAMS 0x000000008b000000, 0x000000008b000000| Complete 
| 149|0x000000008b100000, 0x000000008b200000, 0x000000008b200000|100%| E|CS|TAMS 0x000000008b100000, 0x000000008b100000| Complete 
| 150|0x000000008b200000, 0x000000008b300000, 0x000000008b300000|100%| E|CS|TAMS 0x000000008b200000, 0x000000008b200000| Complete 
| 151|0x000000008b300000, 0x000000008b400000, 0x000000008b400000|100%| E|  |TAMS 0x000000008b300000, 0x000000008b300000| Complete 
| 152|0x000000008b400000, 0x000000008b500000, 0x000000008b500000|100%| E|CS|TAMS 0x000000008b400000, 0x000000008b400000| Complete 
| 153|0x000000008b500000, 0x000000008b600000, 0x000000008b600000|100%| E|CS|TAMS 0x000000008b500000, 0x000000008b500000| Complete 

Card table byte_map: [0x000002407eff0000,0x000002407f3f0000] _byte_map_base: 0x000002407ebe2000

Marking Bits (Prev, Next): (CMBitMap*) 0x0000024077581cd0, (CMBitMap*) 0x0000024077581c98
 Prev Bits: [0x0000024010f90000, 0x0000024012f20000)
 Next Bits: [0x000002400f000000, 0x0000024010f90000)

Polling page: 0x00000240756d0000

Metaspace:

Usage:
  Non-class:     26.78 MB capacity,    26.22 MB ( 98%) used,   505.82 KB (  2%) free+waste,    74.75 KB ( <1%) overhead. 
      Class:      3.91 MB capacity,     3.39 MB ( 87%) used,   492.52 KB ( 12%) free+waste,    41.25 KB (  1%) overhead. 
       Both:     30.69 MB capacity,    29.60 MB ( 96%) used,   998.34 KB (  3%) free+waste,   116.00 KB ( <1%) overhead. 

Virtual space:
  Non-class space:       28.00 MB reserved,      26.92 MB ( 96%) committed 
      Class space:        1.00 GB reserved,       4.00 MB ( <1%) committed 
             Both:        1.03 GB reserved,      30.92 MB (  3%) committed 

Chunk freelists:
   Non-Class:  1.88 KB
       Class:  3.63 KB
        Both:  5.50 KB

CodeHeap 'non-profiled nmethods': size=120064Kb used=1213Kb max_used=1213Kb free=118850Kb
 bounds [0x0000024007ac0000, 0x0000024007d30000, 0x000002400f000000]
CodeHeap 'profiled nmethods': size=120000Kb used=7356Kb max_used=7356Kb free=112643Kb
 bounds [0x0000024000590000, 0x0000024000cc0000, 0x0000024007ac0000]
CodeHeap 'non-nmethods': size=5696Kb used=2185Kb max_used=2207Kb free=3510Kb
 bounds [0x0000024000000000, 0x0000024000270000, 0x0000024000590000]
 total_blobs=4062 nmethods=3324 adapters=649
 compilation: enabled
              stopped_count=0, restarted_count=0
 full_count=0

Compilation events (10 events):
Event: 6.609 Thread 0x000002407fcff800 3335       3       jdk.internal.jimage.ImageLocation::verify (50 bytes)
Event: 6.610 Thread 0x000002407fcff800 nmethod 3335 0x0000024000cb9090 code [0x0000024000cb92c0, 0x0000024000cb9a08]
Event: 6.613 Thread 0x000002407fcff800 3336   !   3       java.io.BufferedReader::readLine (304 bytes)
Event: 6.617 Thread 0x000002407fcff800 nmethod 3336 0x0000024000cb9d90 code [0x0000024000cba0e0, 0x0000024000cbb888]
Event: 6.620 Thread 0x000002407fcff800 3337       3       java.lang.reflect.ProxyGenerator$ConstantPool::getFieldRef (33 bytes)
Event: 6.621 Thread 0x000002407fcff800 nmethod 3337 0x0000024000cbc410 code [0x0000024000cbc6c0, 0x0000024000cbd328]
Event: 6.629 Thread 0x000002407fcff800 3339       3       java.lang.invoke.MemberName::hashCode (43 bytes)
Event: 6.630 Thread 0x000002407fcff800 nmethod 3339 0x0000024000cbd890 code [0x0000024000cbdae0, 0x0000024000cbe788]
Event: 6.630 Thread 0x000002407fcff800 3340       3       jdk.internal.org.objectweb.asm.AnnotationWriter::put (109 bytes)
Event: 6.631 Thread 0x000002407fcff800 nmethod 3340 0x0000024000cbeb10 code [0x0000024000cbed00, 0x0000024000cbf138]

GC Heap History (10 events):
Event: 2.498 GC heap before
{Heap before GC invocations=2 (full 0):
 garbage-first heap   total 131072K, used 19003K [0x0000000081c00000, 0x0000000100000000)
  region size 1024K, 15 young (15360K), 1 survivors (1024K)
 Metaspace       used 17039K, capacity 17346K, committed 17408K, reserved 1064960K
  class space    used 1634K, capacity 1746K, committed 1792K, reserved 1048576K
}
Event: 2.508 GC heap after
{Heap after GC invocations=3 (full 0):
 garbage-first heap   total 131072K, used 7357K [0x0000000081c00000, 0x0000000100000000)
  region size 1024K, 2 young (2048K), 2 survivors (2048K)
 Metaspace       used 17039K, capacity 17346K, committed 17408K, reserved 1064960K
  class space    used 1634K, capacity 1746K, committed 1792K, reserved 1048576K
}
Event: 3.299 GC heap before
{Heap before GC invocations=3 (full 0):
 garbage-first heap   total 131072K, used 28861K [0x0000000081c00000, 0x0000000100000000)
  region size 1024K, 23 young (23552K), 2 survivors (2048K)
 Metaspace       used 19278K, capacity 19993K, committed 20224K, reserved 1067008K
  class space    used 1966K, capacity 2254K, committed 2304K, reserved 1048576K
}
Event: 3.315 GC heap after
{Heap after GC invocations=4 (full 0):
 garbage-first heap   total 131072K, used 10541K [0x0000000081c00000, 0x0000000100000000)
  region size 1024K, 3 young (3072K), 3 survivors (3072K)
 Metaspace       used 19278K, capacity 19993K, committed 20224K, reserved 1067008K
  class space    used 1966K, capacity 2254K, committed 2304K, reserved 1048576K
}
Event: 3.523 GC heap before
{Heap before GC invocations=4 (full 0):
 garbage-first heap   total 131072K, used 16685K [0x0000000081c00000, 0x0000000100000000)
  region size 1024K, 11 young (11264K), 3 survivors (3072K)
 Metaspace       used 20548K, capacity 21193K, committed 21296K, reserved 1069056K
  class space    used 2076K, capacity 2400K, committed 2432K, reserved 1048576K
}
Event: 3.537 GC heap after
{Heap after GC invocations=5 (full 0):
 garbage-first heap   total 157696K, used 12818K [0x0000000081c00000, 0x0000000100000000)
  region size 1024K, 4 young (4096K), 4 survivors (4096K)
 Metaspace       used 20548K, capacity 21193K, committed 21296K, reserved 1069056K
  class space    used 2076K, capacity 2400K, committed 2432K, reserved 1048576K
}
Event: 4.302 GC heap before
{Heap before GC invocations=6 (full 0):
 garbage-first heap   total 157696K, used 40466K [0x0000000081c00000, 0x0000000100000000)
  region size 1024K, 31 young (31744K), 4 survivors (4096K)
 Metaspace       used 23110K, capacity 23932K, committed 24240K, reserved 1071104K
  class space    used 2418K, capacity 2722K, committed 2816K, reserved 1048576K
}
Event: 4.318 GC heap after
{Heap after GC invocations=7 (full 0):
 garbage-first heap   total 157696K, used 15549K [0x0000000081c00000, 0x0000000100000000)
  region size 1024K, 4 young (4096K), 4 survivors (4096K)
 Metaspace       used 23110K, capacity 23932K, committed 24240K, reserved 1071104K
  class space    used 2418K, capacity 2722K, committed 2816K, reserved 1048576K
}
Event: 6.517 GC heap before
{Heap before GC invocations=7 (full 0):
 garbage-first heap   total 157696K, used 58557K [0x0000000081c00000, 0x0000000100000000)
  region size 1024K, 46 young (47104K), 4 survivors (4096K)
 Metaspace       used 29134K, capacity 30285K, committed 30384K, reserved 1075200K
  class space    used 3229K, capacity 3747K, committed 3840K, reserved 1048576K
}
Event: 6.537 GC heap after
{Heap after GC invocations=8 (full 0):
 garbage-first heap   total 157696K, used 20607K [0x0000000081c00000, 0x0000000100000000)
  region size 1024K, 6 young (6144K), 6 survivors (6144K)
 Metaspace       used 29134K, capacity 30285K, committed 30384K, reserved 1075200K
  class space    used 3229K, capacity 3747K, committed 3840K, reserved 1048576K
}

Deoptimization events (10 events):
Event: 6.102 Thread 0x0000024077542000 Uncommon trap: reason=profile_predicate action=maybe_recompile pc=0x0000024007bd4068 method=java.lang.PublicMethods$MethodList.filter([Ljava/lang/reflect/Method;Ljava/lang/String;[Ljava/lang/Class;Z)Ljava/lang/PublicMethods$MethodList; @ 21 c2
Event: 6.102 Thread 0x0000024077542000 Uncommon trap: reason=profile_predicate action=maybe_recompile pc=0x0000024007bd4068 method=java.lang.PublicMethods$MethodList.filter([Ljava/lang/reflect/Method;Ljava/lang/String;[Ljava/lang/Class;Z)Ljava/lang/PublicMethods$MethodList; @ 21 c2
Event: 6.102 Thread 0x0000024077542000 Uncommon trap: reason=profile_predicate action=maybe_recompile pc=0x0000024007bd4068 method=java.lang.PublicMethods$MethodList.filter([Ljava/lang/reflect/Method;Ljava/lang/String;[Ljava/lang/Class;Z)Ljava/lang/PublicMethods$MethodList; @ 21 c2
Event: 6.102 Thread 0x0000024077542000 Uncommon trap: reason=profile_predicate action=maybe_recompile pc=0x0000024007bd4068 method=java.lang.PublicMethods$MethodList.filter([Ljava/lang/reflect/Method;Ljava/lang/String;[Ljava/lang/Class;Z)Ljava/lang/PublicMethods$MethodList; @ 21 c2
Event: 6.186 Thread 0x0000024077542000 Uncommon trap: reason=bimorphic_or_optimized_type_check action=maybe_recompile pc=0x0000024007bc0d48 method=java.util.regex.Pattern$Branch.match(Ljava/util/regex/Matcher;ILjava/lang/CharSequence;)Z @ 32 c2
Event: 6.501 Thread 0x0000024077542000 Uncommon trap: reason=bimorphic_or_optimized_type_check action=maybe_recompile pc=0x0000024007bec93c method=org.codehaus.groovy.runtime.callsite.AbstractCallSite.callGetProperty(Ljava/lang/Object;)Ljava/lang/Object; @ 2 c2
Event: 6.504 Thread 0x0000024077542000 Uncommon trap: reason=bimorphic_or_optimized_type_check action=maybe_recompile pc=0x0000024007bec93c method=org.codehaus.groovy.runtime.callsite.AbstractCallSite.callGetProperty(Ljava/lang/Object;)Ljava/lang/Object; @ 2 c2
Event: 6.505 Thread 0x0000024077542000 Uncommon trap: reason=bimorphic_or_optimized_type_check action=maybe_recompile pc=0x0000024007bec93c method=org.codehaus.groovy.runtime.callsite.AbstractCallSite.callGetProperty(Ljava/lang/Object;)Ljava/lang/Object; @ 2 c2
Event: 6.542 Thread 0x0000024077542000 Uncommon trap: reason=bimorphic_or_optimized_type_check action=maybe_recompile pc=0x0000024007bec93c method=org.codehaus.groovy.runtime.callsite.AbstractCallSite.callGetProperty(Ljava/lang/Object;)Ljava/lang/Object; @ 2 c2
Event: 6.546 Thread 0x0000024077542000 Uncommon trap: reason=class_check action=maybe_recompile pc=0x0000024007b961bc method=java.util.regex.Matcher.search(I)Z @ 121 c2

Classes redefined (0 events):
No events

Internal exceptions (10 events):
Event: 6.508 Thread 0x0000024077542000 Exception <a 'java/lang/ClassNotFoundException'{0x00000000888ae468}: java/lang/CharacterCustomizer> (0x00000000888ae468) thrown at [./open/src/hotspot/share/classfile/systemDictionary.cpp, line 226]
Event: 6.539 Thread 0x0000024077542000 Exception <a 'java/lang/ClassNotFoundException'{0x000000008b50ad20}: org/apache/commons/lang3/math/NumberUtilsBeanInfo> (0x000000008b50ad20) thrown at [./open/src/hotspot/share/classfile/systemDictionary.cpp, line 226]
Event: 6.539 Thread 0x0000024077542000 Exception <a 'java/lang/ClassNotFoundException'{0x000000008b511918}: org/apache/commons/lang3/math/NumberUtilsCustomizer> (0x000000008b511918) thrown at [./open/src/hotspot/share/classfile/systemDictionary.cpp, line 226]
Event: 6.551 Thread 0x0000024077542000 Exception <a 'java/lang/ClassNotFoundException'{0x000000008b5846a8}: groovy/lang/BindingBeanInfo> (0x000000008b5846a8) thrown at [./open/src/hotspot/share/classfile/systemDictionary.cpp, line 226]
Event: 6.552 Thread 0x0000024077542000 Exception <a 'java/lang/ClassNotFoundException'{0x000000008b595f98}: groovy/lang/BindingCustomizer> (0x000000008b595f98) thrown at [./open/src/hotspot/share/classfile/systemDictionary.cpp, line 226]
Event: 6.558 Thread 0x0000024077542000 Exception <a 'java/lang/ClassNotFoundException'{0x000000008b5c6a70}: groovy/lang/GroovyShellBeanInfo> (0x000000008b5c6a70) thrown at [./open/src/hotspot/share/classfile/systemDictionary.cpp, line 226]
Event: 6.559 Thread 0x0000024077542000 Exception <a 'java/lang/ClassNotFoundException'{0x000000008b5d8448}: groovy/lang/GroovyShellCustomizer> (0x000000008b5d8448) thrown at [./open/src/hotspot/share/classfile/systemDictionary.cpp, line 226]
Event: 6.593 Thread 0x0000024077542000 Exception <a 'java/lang/NoSuchMethodError'{0x000000008b465390}: java.lang.invoke.DirectMethodHandle$Holder.invokeVirtual(Ljava/lang/Object;Ljava/lang/Object;)V> (0x000000008b465390) thrown at [./open/src/hotspot/share/interpreter/linkResolver.cpp, line 77
Event: 6.595 Thread 0x0000024077542000 Exception <a 'java/lang/NoSuchMethodError'{0x000000008b46dba8}: java.lang.invoke.DirectMethodHandle$Holder.invokeSpecial(Ljava/lang/Object;Ljava/lang/Object;Ljava/lang/Object;Ljava/lang/Object;Ljava/lang/Object;)V> (0x000000008b46dba8) thrown at [./open/s
Event: 6.627 Thread 0x0000024077542000 Exception <a 'java/lang/NoSuchMethodError'{0x000000008b4f6648}: java.lang.invoke.DirectMethodHandle$Holder.invokeStatic(Ljava/lang/Object;Ljava/lang/Object;Ljava/lang/Object;Ljava/lang/Object;Ljava/lang/Object;Ljava/lang/Object;)V> (0x000000008b4f6648) th

Events (10 events):
Event: 6.775 loading class org/apache/groovy/parser/antlr4/GroovyParser$PowerExprAltContext
Event: 6.775 loading class org/apache/groovy/parser/antlr4/GroovyParser$PowerExprAltContext done
Event: 6.776 loading class org/apache/groovy/parser/antlr4/GroovyParser$GstringPathContext
Event: 6.776 loading class org/apache/groovy/parser/antlr4/GroovyParser$GstringPathContext done
Event: 6.777 loading class org/apache/groovy/parser/antlr4/GroovyParser$ClosureContext
Event: 6.777 loading class org/apache/groovy/parser/antlr4/GroovyParser$ClosureContext done
Event: 6.778 loading class org/apache/groovy/parser/antlr4/GroovyParser$LambdaBodyContext
Event: 6.778 loading class org/apache/groovy/parser/antlr4/GroovyParser$LambdaBodyContext done
Event: 6.778 loading class org/apache/groovy/parser/antlr4/GroovyParser$ListContext
Event: 6.778 loading class org/apache/groovy/parser/antlr4/GroovyParser$ListContext done


Dynamic libraries:
0x00007ff73e190000 - 0x00007ff73e19f000 	C:\Program Files\Java\jdk-11.0.15\bin\java.exe
0x00007ff99da90000 - 0x00007ff99dc88000 	C:\WINDOWS\SYSTEM32\ntdll.dll
0x00007ff99bbe0000 - 0x00007ff99bc9d000 	C:\WINDOWS\System32\KERNEL32.DLL
0x00007ff99b340000 - 0x00007ff99b612000 	C:\WINDOWS\System32\KERNELBASE.dll
0x00007ff99b650000 - 0x00007ff99b750000 	C:\WINDOWS\System32\ucrtbase.dll
0x00007ff98abb0000 - 0x00007ff98abc5000 	C:\Program Files\Java\jdk-11.0.15\bin\VCRUNTIME140.dll
0x00007ff98b630000 - 0x00007ff98b648000 	C:\Program Files\Java\jdk-11.0.15\bin\jli.dll
0x00007ff99c580000 - 0x00007ff99c62e000 	C:\WINDOWS\System32\ADVAPI32.dll
0x00007ff99d7f0000 - 0x00007ff99d88e000 	C:\WINDOWS\System32\msvcrt.dll
0x00007ff99c400000 - 0x00007ff99c49c000 	C:\WINDOWS\System32\sechost.dll
0x00007ff99bca0000 - 0x00007ff99bdc5000 	C:\WINDOWS\System32\RPCRT4.dll
0x00007ff99c970000 - 0x00007ff99cb0d000 	C:\WINDOWS\System32\USER32.dll
0x00007ff99ba50000 - 0x00007ff99ba72000 	C:\WINDOWS\System32\win32u.dll
0x00007ff99c550000 - 0x00007ff99c57b000 	C:\WINDOWS\System32\GDI32.dll
0x00007ff98a740000 - 0x00007ff98a9da000 	C:\WINDOWS\WinSxS\amd64_microsoft.windows.common-controls_6595b64144ccf1df_6.0.19041.1110_none_60b5254171f9507e\COMCTL32.dll
0x00007ff99b750000 - 0x00007ff99b85f000 	C:\WINDOWS\System32\gdi32full.dll
0x00007ff99b1f0000 - 0x00007ff99b28d000 	C:\WINDOWS\System32\msvcp_win.dll
0x00007ff9936f0000 - 0x00007ff9936fa000 	C:\WINDOWS\SYSTEM32\VERSION.dll
0x00007ff99bf00000 - 0x00007ff99bf30000 	C:\WINDOWS\System32\IMM32.DLL
0x00007ff961f00000 - 0x00007ff961f9b000 	C:\Program Files\Java\jdk-11.0.15\bin\msvcp140.dll
0x00007ff935ed0000 - 0x00007ff9369e6000 	C:\Program Files\Java\jdk-11.0.15\bin\server\jvm.dll
0x00007ff99d350000 - 0x00007ff99d358000 	C:\WINDOWS\System32\PSAPI.DLL
0x00007ff990330000 - 0x00007ff990357000 	C:\WINDOWS\SYSTEM32\WINMM.dll
0x00007ff984030000 - 0x00007ff984039000 	C:\WINDOWS\SYSTEM32\WSOCK32.dll
0x00007ff99c750000 - 0x00007ff99c7bb000 	C:\WINDOWS\System32\WS2_32.dll
0x00007ff999060000 - 0x00007ff999072000 	C:\WINDOWS\SYSTEM32\kernel.appcore.dll
0x00007ff9900b0000 - 0x00007ff9900c0000 	C:\Program Files\Java\jdk-11.0.15\bin\verify.dll
0x00007ff986260000 - 0x00007ff986444000 	C:\WINDOWS\SYSTEM32\DBGHELP.DLL
0x00007ff9861f0000 - 0x00007ff98621c000 	C:\WINDOWS\SYSTEM32\dbgcore.DLL
0x00007ff99b860000 - 0x00007ff99b8e2000 	C:\WINDOWS\System32\bcryptPrimitives.dll
0x00007ff98aa20000 - 0x00007ff98aa48000 	C:\Program Files\Java\jdk-11.0.15\bin\java.dll
0x00007ff98dff0000 - 0x00007ff98dffa000 	C:\Program Files\Java\jdk-11.0.15\bin\jimage.dll
0x00007ff996cd0000 - 0x00007ff996cde000 	C:\Program Files\Java\jdk-11.0.15\bin\instrument.dll
0x00007ff98aa00000 - 0x00007ff98aa16000 	C:\Program Files\Java\jdk-11.0.15\bin\zip.dll
0x00007ff99cc00000 - 0x00007ff99d343000 	C:\WINDOWS\System32\SHELL32.dll
0x00007ff999260000 - 0x00007ff9999f1000 	C:\WINDOWS\SYSTEM32\windows.storage.dll
0x00007ff99d490000 - 0x00007ff99d7e4000 	C:\WINDOWS\System32\combase.dll
0x00007ff99ac00000 - 0x00007ff99ac30000 	C:\WINDOWS\SYSTEM32\Wldp.dll
0x00007ff99be50000 - 0x00007ff99befd000 	C:\WINDOWS\System32\SHCORE.dll
0x00007ff99bf30000 - 0x00007ff99bf85000 	C:\WINDOWS\System32\shlwapi.dll
0x00007ff99b0e0000 - 0x00007ff99b0ff000 	C:\WINDOWS\SYSTEM32\profapi.dll
0x00007ff98a9e0000 - 0x00007ff98a9f9000 	C:\Program Files\Java\jdk-11.0.15\bin\net.dll
0x00007ff98cf70000 - 0x00007ff98d07d000 	C:\WINDOWS\SYSTEM32\WINHTTP.dll
0x00007ff99a960000 - 0x00007ff99a9ca000 	C:\WINDOWS\system32\mswsock.dll
0x00007ff989d30000 - 0x00007ff989d42000 	C:\Program Files\Java\jdk-11.0.15\bin\nio.dll
0x00007ff9953d0000 - 0x00007ff9953ea000 	C:\Program Files\JetBrains\IntelliJ IDEA Community Edition 2022.1.1\bin\breakgen64.dll
0x00007ff98d520000 - 0x00007ff98d545000 	C:\Program Files\Java\jdk-11.0.15\bin\sunec.dll
0x00007ff99ab50000 - 0x00007ff99ab68000 	C:\WINDOWS\SYSTEM32\CRYPTSP.dll
0x00007ff99a200000 - 0x00007ff99a234000 	C:\WINDOWS\system32\rsaenh.dll
0x00007ff99b620000 - 0x00007ff99b647000 	C:\WINDOWS\System32\bcrypt.dll
0x00007ff99b0a0000 - 0x00007ff99b0ce000 	C:\WINDOWS\SYSTEM32\USERENV.dll
0x00007ff99ab70000 - 0x00007ff99ab7c000 	C:\WINDOWS\SYSTEM32\CRYPTBASE.dll
0x00007ff99a600000 - 0x00007ff99a63b000 	C:\WINDOWS\SYSTEM32\IPHLPAPI.DLL
0x00007ff99bbd0000 - 0x00007ff99bbd8000 	C:\WINDOWS\System32\NSI.dll
0x00007ff990420000 - 0x00007ff990437000 	C:\WINDOWS\SYSTEM32\dhcpcsvc6.DLL
0x00007ff991230000 - 0x00007ff99124d000 	C:\WINDOWS\SYSTEM32\dhcpcsvc.DLL
0x00007ff99a650000 - 0x00007ff99a71a000 	C:\WINDOWS\SYSTEM32\DNSAPI.dll
0x00007ff98bc10000 - 0x00007ff98bc1a000 	C:\Windows\System32\rasadhlp.dll
0x00007ff98cef0000 - 0x00007ff98cf70000 	C:\WINDOWS\System32\fwpuclnt.dll
0x00007ff9973f0000 - 0x00007ff9973fd000 	C:\Program Files\Java\jdk-11.0.15\bin\sunmscapi.dll
0x00007ff99b8f0000 - 0x00007ff99ba46000 	C:\WINDOWS\System32\CRYPT32.dll
0x00007ff99ac70000 - 0x00007ff99ac97000 	C:\WINDOWS\SYSTEM32\ncrypt.dll
0x00007ff99ac30000 - 0x00007ff99ac6b000 	C:\WINDOWS\SYSTEM32\NTASN1.dll

dbghelp: loaded successfully - version: 4.0.5 - missing functions: none
symbol engine: initialized successfully - sym options: 0x614 - pdb path: .;C:\Program Files\Java\jdk-11.0.15\bin;C:\WINDOWS\SYSTEM32;C:\WINDOWS\WinSxS\amd64_microsoft.windows.common-controls_6595b64144ccf1df_6.0.19041.1110_none_60b5254171f9507e;C:\Program Files\Java\jdk-11.0.15\bin\server;C:\Program Files\JetBrains\IntelliJ IDEA Community Edition 2022.1.1\bin

VM Arguments:
jvm_args: -ea -Duser.language=en -Didea.test.cyclic.buffer.size=1048576 -javaagent:C:\Program Files\JetBrains\IntelliJ IDEA Community Edition 2022.1.1\lib\idea_rt.jar=50610:C:\Program Files\JetBrains\IntelliJ IDEA Community Edition 2022.1.1\bin -Dfile.encoding=UTF-8 
java_command: com.intellij.rt.junit.JUnitStarter -ideVersion5 -junit4 get_request.Get04,test01
java_class_path (initial): C:\Program Files\JetBrains\IntelliJ IDEA Community Edition 2022.1.1\lib\idea_rt.jar;C:\Program Files\JetBrains\IntelliJ IDEA Community Edition 2022.1.1\plugins\junit\lib\junit5-rt.jar;C:\Program Files\JetBrains\IntelliJ IDEA Community Edition 2022.1.1\plugins\junit\lib\junit-rt.jar;C:\Users\lkmnb\IdeaProjects\MyAPIPractice\target\test-classes;C:\Users\lkmnb\.m2\repository\io\rest-assured\rest-assured\5.2.0\rest-assured-5.2.0.jar;C:\Users\lkmnb\.m2\repository\org\apache\groovy\groovy\4.0.1\groovy-4.0.1.jar;C:\Users\lkmnb\.m2\repository\org\apache\groovy\groovy-xml\4.0.1\groovy-xml-4.0.1.jar;C:\Users\lkmnb\.m2\repository\org\apache\httpcomponents\httpclient\4.5.13\httpclient-4.5.13.jar;C:\Users\lkmnb\.m2\repository\org\apache\httpcomponents\httpcore\4.4.13\httpcore-4.4.13.jar;C:\Users\lkmnb\.m2\repository\commons-logging\commons-logging\1.2\commons-logging-1.2.jar;C:\Users\lkmnb\.m2\repository\commons-codec\commons-codec\1.11\commons-codec-1.11.jar;C:\Users\lkmnb\.m2\repository\org\apache\httpcomponents\httpmime\4.5.13\httpmime-4.5.13.jar;C:\Users\lkmnb\.m2\repository\org\hamcrest\hamcrest\2.1\hamcrest-2.1.jar;C:\Users\lkmnb\.m2\repository\org\ccil\cowan\tagsoup\tagsoup\1.2.1\tagsoup-1.2.1.jar;C:\Users\lkmnb\.m2\repository\io\rest-assured\json-path\5.2.0\json-path-5.2.0.jar;C:\Users\lkmnb\.m2\repository\org\apache\groovy\groovy-json\4.0.1\groovy-json-4.0.1.jar;C:\Users\lkmnb\.m2\repository\io\rest-assured\rest-assured-common\5.2.0\rest-assured-common-5.2.0.jar;C:\Users\lkmnb\.m2\repository\io\rest-assured\xml-path\5.2.0\xml-path-5.2.0.jar;C:\Users\lkmnb\.m2\repository\org\apache\commons\commons-lang3\3.11\commons-lang3-3.11.jar;C:\Users\lkmnb\.m2\repository\org\json\json\20220924\json-20220924.jar;C:\Users\lkmnb\.m2\repository\org\testng\testng\7.6.1\testng-7.6.1.jar;C:\Users\lkmnb\.m2\repository\com\google\code\findbugs\jsr305\3.0.2\jsr305-3.0.2.jar;C:\Users\lkmnb\.m2\repository\org\slf4j\slf4j-api\1.7.36\slf4j-api-1.7.36.jar;C:\Users\lkm
Launcher Type: SUN_STANDARD

[Global flags]
     intx CICompilerCount                          = 3                                         {product} {ergonomic}
     uint ConcGCThreads                            = 1                                         {product} {ergonomic}
     uint G1ConcRefinementThreads                  = 4                                         {product} {ergonomic}
   size_t G1HeapRegionSize                         = 1048576                                   {product} {ergonomic}
    uintx GCDrainStackTargetSize                   = 64                                        {product} {ergonomic}
   size_t InitialHeapSize                          = 134217728                                 {product} {ergonomic}
   size_t MarkStackSize                            = 4194304                                   {product} {ergonomic}
   size_t MaxHeapSize                              = 2118123520                                {product} {ergonomic}
   size_t MaxNewSize                               = 1270874112                                {product} {ergonomic}
   size_t MinHeapDeltaBytes                        = 1048576                                   {product} {ergonomic}
    uintx NonNMethodCodeHeapSize                   = 5830732                                {pd product} {ergonomic}
    uintx NonProfiledCodeHeapSize                  = 122913754                              {pd product} {ergonomic}
    uintx ProfiledCodeHeapSize                     = 122913754                              {pd product} {ergonomic}
    uintx ReservedCodeCacheSize                    = 251658240                              {pd product} {ergonomic}
     bool SegmentedCodeCache                       = true                                      {product} {ergonomic}
     bool UseCompressedClassPointers               = true                                 {lp64_product} {ergonomic}
     bool UseCompressedOops                        = true                                 {lp64_product} {ergonomic}
     bool UseG1GC                                  = true                                      {product} {ergonomic}
     bool UseLargePagesIndividualAllocation        = false                                  {pd product} {ergonomic}

Logging:
Log output configuration:
 #0: stdout all=warning uptime,level,tags
 #1: stderr all=off uptime,level,tags

Environment Variables:
JAVA_HOME=C:\Program Files\Java\jdk-11.0.15
PATH=C:\Program Files\Common Files\Oracle\Java\javapath;C:\WINDOWS\system32;C:\WINDOWS;C:\WINDOWS\System32\Wbem;C:\WINDOWS\System32\WindowsPowerShell\v1.0\;C:\WINDOWS\System32\OpenSSH\;C:\Program Files\Git\cmd;C:\Users\lkmnb\AppData\Local\Microsoft\WindowsApps;C:\Program Files\Java\jdk-11.0.15\bin;C:\Users\lkmnb\AppData\Local\Programs\Microsoft VS Code\bin;C:\Program Files (x86)\apache-maven-3.8.6\bin;
USERNAME=lokman
OS=Windows_NT
PROCESSOR_IDENTIFIER=Intel64 Family 6 Model 69 Stepping 1, GenuineIntel



---------------  S Y S T E M  ---------------

OS: Windows 10 , 64 bit Build 19041 (10.0.19041.1889)

CPU:total 4 (initial active 4) (2 cores per cpu, 2 threads per core) family 6 model 69 stepping 1 microcode 0x25, cmov, cx8, fxsr, mmx, sse, sse2, sse3, ssse3, sse4.1, sse4.2, popcnt, avx, avx2, aes, clmul, erms, lzcnt, ht, tsc, tscinvbit, bmi1, bmi2, fma

Memory: 4k page, system-wide physical 8075M (342M free)
TotalPageFile size 23238M (AvailPageFile size 3M)
current process WorkingSet (physical memory assigned to process): 174M, peak: 174M
current process commit charge ("private bytes"): 292M, peak: 292M

vm_info: Java HotSpot(TM) 64-Bit Server VM (11.0.15+8-LTS-149) for windows-amd64 JRE (11.0.15+8-LTS-149), built on Mar  9 2022 22:42:32 by "mach5one" with MS VC++ 15.9 (VS2017)

END.
