#
# There is insufficient memory for the Java Runtime Environment to continue.
# Native memory allocation (malloc) failed to allocate 1055856 bytes for Chunk::new
# Possible reasons:
#   The system is out of physical RAM or swap space
#   The process is running with CompressedOops enabled, and the Java Heap may be blocking the growth of the native heap
# Possible solutions:
#   Reduce memory load on the system
#   Increase physical memory or swap space
#   Check if swap backing store is full
#   Decrease Java heap size (-Xmx/-Xms)
#   Decrease number of Java threads
#   Decrease Java thread stack sizes (-Xss)
#   Set larger code cache with -XX:ReservedCodeCacheSize=
#   JVM is running with Unscaled Compressed Oops mode in which the Java heap is
#     placed in the first 4GB address space. The Java Heap base address is the
#     maximum limit for the native heap growth. Please use -XX:HeapBaseMinAddress
#     to set the Java Heap base and to place the Java Heap above 4GB virtual address.
# This output file may be truncated or incomplete.
#
#  Out of Memory Error (./open/src/hotspot/share/memory/arena.cpp:197), pid=19556, tid=19184
#
# JRE version: Java(TM) SE Runtime Environment 18.9 (11.0.15+8) (build 11.0.15+8-LTS-149)
# Java VM: Java HotSpot(TM) 64-Bit Server VM 18.9 (11.0.15+8-LTS-149, mixed mode, tiered, compressed oops, g1 gc, windows-amd64)
# No core dump will be written. Minidumps are not enabled by default on client versions of Windows
#

---------------  S U M M A R Y ------------

Command Line: -ea -Duser.language=en -Didea.test.cyclic.buffer.size=1048576 -javaagent:C:\Program Files\JetBrains\IntelliJ IDEA Community Edition 2022.1.1\lib\idea_rt.jar=51006:C:\Program Files\JetBrains\IntelliJ IDEA Community Edition 2022.1.1\bin -Dfile.encoding=UTF-8 com.intellij.rt.junit.JUnitStarter -ideVersion5 -junit4 get_request.Get05,name

Host: Intel(R) Core(TM) i5-4200U CPU @ 1.60GHz, 4 cores, 7G,  Windows 10 , 64 bit Build 19041 (10.0.19041.1889)
Time: Wed Oct 26 22:41:36 2022 Turkey Standard Time elapsed time: 3.897031 seconds (0d 0h 0m 3s)

---------------  T H R E A D  ---------------

Current thread (0x000001d32d5af000):  JavaThread "C2 CompilerThread0" daemon [_thread_in_native, id=19184, stack(0x0000000478100000,0x0000000478200000)]


Current CompileTask:
C2:   3897 2499       4       jdk.internal.loader.URLClassPath::getResource (74 bytes)

Stack: [0x0000000478100000,0x0000000478200000]
Native frames: (J=compiled Java code, j=interpreted, Vv=VM code, C=native code)
V  [jvm.dll+0x629d8a]
V  [jvm.dll+0x7638ff]
V  [jvm.dll+0x764fa9]
V  [jvm.dll+0x765633]
V  [jvm.dll+0x23d9c8]
V  [jvm.dll+0xb2a1c]
V  [jvm.dll+0xb2fdc]
V  [jvm.dll+0x341047]
V  [jvm.dll+0x18cd11]
V  [jvm.dll+0x1f8672]
V  [jvm.dll+0x1f774d]
V  [jvm.dll+0x177c51]
V  [jvm.dll+0x207026]
V  [jvm.dll+0x2051bb]
V  [jvm.dll+0x729820]
V  [jvm.dll+0x7223f4]
V  [jvm.dll+0x628c26]
C  [ucrtbase.dll+0x21bb2]
C  [KERNEL32.DLL+0x17034]
C  [ntdll.dll+0x526a1]


---------------  P R O C E S S  ---------------

Threads class SMR info:
_java_thread_list=0x000001d32f33eb80, length=14, elements={
0x000001d30f729000, 0x000001d32d593800, 0x000001d32d59d000, 0x000001d32df32800,
0x000001d32d5a7800, 0x000001d32d5a8000, 0x000001d32d5af000, 0x000001d32d5bd800,
0x000001d32d5ca800, 0x000001d32e071000, 0x000001d32e2b5800, 0x000001d32e987800,
0x000001d32fad3000, 0x000001d32f977000
}

Java Threads: ( => current thread )
  0x000001d30f729000 JavaThread "main" [_thread_in_vm, id=12136, stack(0x0000000477500000,0x0000000477600000)]
  0x000001d32d593800 JavaThread "Reference Handler" daemon [_thread_blocked, id=16856, stack(0x0000000477c00000,0x0000000477d00000)]
  0x000001d32d59d000 JavaThread "Finalizer" daemon [_thread_blocked, id=12724, stack(0x0000000477d00000,0x0000000477e00000)]
  0x000001d32df32800 JavaThread "Signal Dispatcher" daemon [_thread_blocked, id=18116, stack(0x0000000477e00000,0x0000000477f00000)]
  0x000001d32d5a7800 JavaThread "Attach Listener" daemon [_thread_blocked, id=5184, stack(0x0000000477f00000,0x0000000478000000)]
  0x000001d32d5a8000 JavaThread "Service Thread" daemon [_thread_blocked, id=7120, stack(0x0000000478000000,0x0000000478100000)]
=>0x000001d32d5af000 JavaThread "C2 CompilerThread0" daemon [_thread_in_native, id=19184, stack(0x0000000478100000,0x0000000478200000)]
  0x000001d32d5bd800 JavaThread "C1 CompilerThread0" daemon [_thread_blocked, id=18736, stack(0x0000000478200000,0x0000000478300000)]
  0x000001d32d5ca800 JavaThread "Sweeper thread" daemon [_thread_blocked, id=5280, stack(0x0000000478300000,0x0000000478400000)]
  0x000001d32e071000 JavaThread "Common-Cleaner" daemon [_thread_blocked, id=18364, stack(0x0000000478400000,0x0000000478500000)]
  0x000001d32e2b5800 JavaThread "Monitor Ctrl-Break" daemon [_thread_in_native, id=2140, stack(0x0000000478500000,0x0000000478600000)]
  0x000001d32e987800 JavaThread "C2 CompilerThread1" daemon [_thread_in_native, id=6052, stack(0x0000000478700000,0x0000000478800000)]
  0x000001d32fad3000 JavaThread "ForkJoinPool.commonPool-worker-3" daemon [_thread_blocked, id=16972, stack(0x0000000478b00000,0x0000000478c00000)]
  0x000001d32f977000 JavaThread "ForkJoinPool.commonPool-worker-5" daemon [_thread_blocked, id=18828, stack(0x0000000478c00000,0x0000000478d00000)]

Other Threads:
  0x000001d32d56e800 VMThread "VM Thread" [stack: 0x0000000477b00000,0x0000000477c00000] [id=11040]
  0x000001d32e2b6800 WatcherThread [stack: 0x0000000478600000,0x0000000478700000] [id=16772]
  0x000001d30f740800 GCTaskThread "GC Thread#0" [stack: 0x0000000477600000,0x0000000477700000] [id=18780]
  0x000001d32e926000 GCTaskThread "GC Thread#1" [stack: 0x0000000478800000,0x0000000478900000] [id=17936]
  0x000001d32ea9e800 GCTaskThread "GC Thread#2" [stack: 0x0000000478900000,0x0000000478a00000] [id=8108]
  0x000001d30f76f800 ConcurrentGCThread "G1 Main Marker" [stack: 0x0000000477700000,0x0000000477800000] [id=19436]
  0x000001d30f771000 ConcurrentGCThread "G1 Conc#0" [stack: 0x0000000477800000,0x0000000477900000] [id=17192]
  0x000001d30f805800 ConcurrentGCThread "G1 Refine#0" [stack: 0x0000000477900000,0x0000000477a00000] [id=14184]
  0x000001d32ff94800 ConcurrentGCThread "G1 Refine#1" [stack: 0x0000000478a00000,0x0000000478b00000] [id=16940]
  0x000001d30f807800 ConcurrentGCThread "G1 Young RemSet Sampling" [stack: 0x0000000477a00000,0x0000000477b00000] [id=17764]

Threads with active compile tasks:
C2 CompilerThread0   3945 2499       4       jdk.internal.loader.URLClassPath::getResource (74 bytes)
C2 CompilerThread1   3945 2587 %     4       sun.security.util.AbstractAlgorithmConstraints::checkAlgorithm @ 98 (140 bytes)

VM state:not at safepoint (normal execution)

VM Mutex/Monitor currently owned by a thread: None

Heap address: 0x0000000081c00000, size: 2020 MB, Compressed Oops mode: 32-bit
Narrow klass base: 0x0000000000000000, Narrow klass shift: 3
Compressed class space size: 1073741824 Address: 0x0000000100000000

Heap:
 garbage-first heap   total 157696K, used 30854K [0x0000000081c00000, 0x0000000100000000)
  region size 1024K, 21 young (21504K), 4 survivors (4096K)
 Metaspace       used 22492K, capacity 23354K, committed 23728K, reserved 1071104K
  class space    used 2363K, capacity 2698K, committed 2816K, reserved 1048576K
Heap Regions: E=young(eden), S=young(survivor), O=old, HS=humongous(starts), HC=humongous(continues), CS=collection set, F=free, A=archive, TAMS=top-at-mark-start (previous, next)
|   0|0x0000000081c00000, 0x0000000081d00000, 0x0000000081d00000|100%| O|  |TAMS 0x0000000081d00000, 0x0000000081c00000| Untracked 
|   1|0x0000000081d00000, 0x0000000081e00000, 0x0000000081e00000|100%| O|  |TAMS 0x0000000081e00000, 0x0000000081d00000| Untracked 
|   2|0x0000000081e00000, 0x0000000081f00000, 0x0000000081f00000|100%| O|  |TAMS 0x0000000081f00000, 0x0000000081e00000| Untracked 
|   3|0x0000000081f00000, 0x0000000082000000, 0x0000000082000000|100%| O|  |TAMS 0x0000000082000000, 0x0000000081f00000| Untracked 
|   4|0x0000000082000000, 0x0000000082100000, 0x0000000082100000|100%| O|  |TAMS 0x0000000082100000, 0x0000000082000000| Untracked 
|   5|0x0000000082100000, 0x0000000082200000, 0x0000000082200000|100%| O|  |TAMS 0x0000000082200000, 0x0000000082100000| Untracked 
|   6|0x0000000082200000, 0x0000000082300000, 0x0000000082300000|100%| O|  |TAMS 0x0000000082300000, 0x0000000082200000| Untracked 
|   7|0x0000000082300000, 0x0000000082400000, 0x0000000082400000|100%| O|  |TAMS 0x0000000082400000, 0x0000000082300000| Untracked 
|   8|0x0000000082400000, 0x0000000082500000, 0x0000000082500000|100%| O|  |TAMS 0x0000000082500000, 0x0000000082400000| Untracked 
|   9|0x0000000082500000, 0x0000000082600000, 0x0000000082600000|100%| O|  |TAMS 0x0000000082600000, 0x0000000082500000| Untracked 
|  10|0x0000000082600000, 0x00000000826ac600, 0x0000000082700000| 67%| O|  |TAMS 0x00000000826ac600, 0x0000000082600000| Untracked 
|  11|0x0000000082700000, 0x0000000082700000, 0x0000000082800000|  0%| F|  |TAMS 0x0000000082700000, 0x0000000082700000| Untracked 
|  12|0x0000000082800000, 0x0000000082800000, 0x0000000082900000|  0%| F|  |TAMS 0x0000000082800000, 0x0000000082800000| Untracked 
|  13|0x0000000082900000, 0x0000000082900000, 0x0000000082a00000|  0%| F|  |TAMS 0x0000000082900000, 0x0000000082900000| Untracked 
|  14|0x0000000082a00000, 0x0000000082a00000, 0x0000000082b00000|  0%| F|  |TAMS 0x0000000082a00000, 0x0000000082a00000| Untracked 
|  15|0x0000000082b00000, 0x0000000082b00000, 0x0000000082c00000|  0%| F|  |TAMS 0x0000000082b00000, 0x0000000082b00000| Untracked 
|  16|0x0000000082c00000, 0x0000000082c00000, 0x0000000082d00000|  0%| F|  |TAMS 0x0000000082c00000, 0x0000000082c00000| Untracked 
|  17|0x0000000082d00000, 0x0000000082d00000, 0x0000000082e00000|  0%| F|  |TAMS 0x0000000082d00000, 0x0000000082d00000| Untracked 
|  18|0x0000000082e00000, 0x0000000082e00000, 0x0000000082f00000|  0%| F|  |TAMS 0x0000000082e00000, 0x0000000082e00000| Untracked 
|  19|0x0000000082f00000, 0x0000000082f00000, 0x0000000083000000|  0%| F|  |TAMS 0x0000000082f00000, 0x0000000082f00000| Untracked 
|  20|0x0000000083000000, 0x0000000083000000, 0x0000000083100000|  0%| F|  |TAMS 0x0000000083000000, 0x0000000083000000| Untracked 
|  21|0x0000000083100000, 0x0000000083100000, 0x0000000083200000|  0%| F|  |TAMS 0x0000000083100000, 0x0000000083100000| Untracked 
|  22|0x0000000083200000, 0x0000000083200000, 0x0000000083300000|  0%| F|  |TAMS 0x0000000083200000, 0x0000000083200000| Untracked 
|  23|0x0000000083300000, 0x0000000083300000, 0x0000000083400000|  0%| F|  |TAMS 0x0000000083300000, 0x0000000083300000| Untracked 
|  24|0x0000000083400000, 0x0000000083400000, 0x0000000083500000|  0%| F|  |TAMS 0x0000000083400000, 0x0000000083400000| Untracked 
|  25|0x0000000083500000, 0x0000000083500000, 0x0000000083600000|  0%| F|  |TAMS 0x0000000083500000, 0x0000000083500000| Untracked 
|  26|0x0000000083600000, 0x0000000083600000, 0x0000000083700000|  0%| F|  |TAMS 0x0000000083600000, 0x0000000083600000| Untracked 
|  27|0x0000000083700000, 0x0000000083700000, 0x0000000083800000|  0%| F|  |TAMS 0x0000000083700000, 0x0000000083700000| Untracked 
|  28|0x0000000083800000, 0x0000000083800000, 0x0000000083900000|  0%| F|  |TAMS 0x0000000083800000, 0x0000000083800000| Untracked 
|  29|0x0000000083900000, 0x0000000083900000, 0x0000000083a00000|  0%| F|  |TAMS 0x0000000083900000, 0x0000000083900000| Untracked 
|  30|0x0000000083a00000, 0x0000000083a00000, 0x0000000083b00000|  0%| F|  |TAMS 0x0000000083a00000, 0x0000000083a00000| Untracked 
|  31|0x0000000083b00000, 0x0000000083b00000, 0x0000000083c00000|  0%| F|  |TAMS 0x0000000083b00000, 0x0000000083b00000| Untracked 
|  32|0x0000000083c00000, 0x0000000083c00000, 0x0000000083d00000|  0%| F|  |TAMS 0x0000000083c00000, 0x0000000083c00000| Untracked 
|  33|0x0000000083d00000, 0x0000000083d00000, 0x0000000083e00000|  0%| F|  |TAMS 0x0000000083d00000, 0x0000000083d00000| Untracked 
|  34|0x0000000083e00000, 0x0000000083e00000, 0x0000000083f00000|  0%| F|  |TAMS 0x0000000083e00000, 0x0000000083e00000| Untracked 
|  35|0x0000000083f00000, 0x0000000083f00000, 0x0000000084000000|  0%| F|  |TAMS 0x0000000083f00000, 0x0000000083f00000| Untracked 
|  36|0x0000000084000000, 0x0000000084000000, 0x0000000084100000|  0%| F|  |TAMS 0x0000000084000000, 0x0000000084000000| Untracked 
|  37|0x0000000084100000, 0x0000000084100000, 0x0000000084200000|  0%| F|  |TAMS 0x0000000084100000, 0x0000000084100000| Untracked 
|  38|0x0000000084200000, 0x0000000084200000, 0x0000000084300000|  0%| F|  |TAMS 0x0000000084200000, 0x0000000084200000| Untracked 
|  39|0x0000000084300000, 0x0000000084300000, 0x0000000084400000|  0%| F|  |TAMS 0x0000000084300000, 0x0000000084300000| Untracked 
|  40|0x0000000084400000, 0x0000000084400000, 0x0000000084500000|  0%| F|  |TAMS 0x0000000084400000, 0x0000000084400000| Untracked 
|  41|0x0000000084500000, 0x0000000084500000, 0x0000000084600000|  0%| F|  |TAMS 0x0000000084500000, 0x0000000084500000| Untracked 
|  42|0x0000000084600000, 0x0000000084600000, 0x0000000084700000|  0%| F|  |TAMS 0x0000000084600000, 0x0000000084600000| Untracked 
|  43|0x0000000084700000, 0x0000000084700000, 0x0000000084800000|  0%| F|  |TAMS 0x0000000084700000, 0x0000000084700000| Untracked 
|  44|0x0000000084800000, 0x0000000084800000, 0x0000000084900000|  0%| F|  |TAMS 0x0000000084800000, 0x0000000084800000| Untracked 
|  45|0x0000000084900000, 0x0000000084900000, 0x0000000084a00000|  0%| F|  |TAMS 0x0000000084900000, 0x0000000084900000| Untracked 
|  46|0x0000000084a00000, 0x0000000084a00000, 0x0000000084b00000|  0%| F|  |TAMS 0x0000000084a00000, 0x0000000084a00000| Untracked 
|  47|0x0000000084b00000, 0x0000000084b00000, 0x0000000084c00000|  0%| F|  |TAMS 0x0000000084b00000, 0x0000000084b00000| Untracked 
|  48|0x0000000084c00000, 0x0000000084c00000, 0x0000000084d00000|  0%| F|  |TAMS 0x0000000084c00000, 0x0000000084c00000| Untracked 
|  49|0x0000000084d00000, 0x0000000084d00000, 0x0000000084e00000|  0%| F|  |TAMS 0x0000000084d00000, 0x0000000084d00000| Untracked 
|  50|0x0000000084e00000, 0x0000000084e00000, 0x0000000084f00000|  0%| F|  |TAMS 0x0000000084e00000, 0x0000000084e00000| Untracked 
|  51|0x0000000084f00000, 0x0000000084f00000, 0x0000000085000000|  0%| F|  |TAMS 0x0000000084f00000, 0x0000000084f00000| Untracked 
|  52|0x0000000085000000, 0x0000000085000000, 0x0000000085100000|  0%| F|  |TAMS 0x0000000085000000, 0x0000000085000000| Untracked 
|  53|0x0000000085100000, 0x0000000085100000, 0x0000000085200000|  0%| F|  |TAMS 0x0000000085100000, 0x0000000085100000| Untracked 
|  54|0x0000000085200000, 0x0000000085200000, 0x0000000085300000|  0%| F|  |TAMS 0x0000000085200000, 0x0000000085200000| Untracked 
|  55|0x0000000085300000, 0x0000000085300000, 0x0000000085400000|  0%| F|  |TAMS 0x0000000085300000, 0x0000000085300000| Untracked 
|  56|0x0000000085400000, 0x0000000085400000, 0x0000000085500000|  0%| F|  |TAMS 0x0000000085400000, 0x0000000085400000| Untracked 
|  57|0x0000000085500000, 0x0000000085500000, 0x0000000085600000|  0%| F|  |TAMS 0x0000000085500000, 0x0000000085500000| Untracked 
|  58|0x0000000085600000, 0x0000000085600000, 0x0000000085700000|  0%| F|  |TAMS 0x0000000085600000, 0x0000000085600000| Untracked 
|  59|0x0000000085700000, 0x0000000085700000, 0x0000000085800000|  0%| F|  |TAMS 0x0000000085700000, 0x0000000085700000| Untracked 
|  60|0x0000000085800000, 0x0000000085800000, 0x0000000085900000|  0%| F|  |TAMS 0x0000000085800000, 0x0000000085800000| Untracked 
|  61|0x0000000085900000, 0x0000000085900000, 0x0000000085a00000|  0%| F|  |TAMS 0x0000000085900000, 0x0000000085900000| Untracked 
|  62|0x0000000085a00000, 0x0000000085a00000, 0x0000000085b00000|  0%| F|  |TAMS 0x0000000085a00000, 0x0000000085a00000| Untracked 
|  63|0x0000000085b00000, 0x0000000085b00000, 0x0000000085c00000|  0%| F|  |TAMS 0x0000000085b00000, 0x0000000085b00000| Untracked 
|  64|0x0000000085c00000, 0x0000000085c00000, 0x0000000085d00000|  0%| F|  |TAMS 0x0000000085c00000, 0x0000000085c00000| Untracked 
|  65|0x0000000085d00000, 0x0000000085d00000, 0x0000000085e00000|  0%| F|  |TAMS 0x0000000085d00000, 0x0000000085d00000| Untracked 
|  66|0x0000000085e00000, 0x0000000085e00000, 0x0000000085f00000|  0%| F|  |TAMS 0x0000000085e00000, 0x0000000085e00000| Untracked 
|  67|0x0000000085f00000, 0x0000000085f00000, 0x0000000086000000|  0%| F|  |TAMS 0x0000000085f00000, 0x0000000085f00000| Untracked 
|  68|0x0000000086000000, 0x0000000086000000, 0x0000000086100000|  0%| F|  |TAMS 0x0000000086000000, 0x0000000086000000| Untracked 
|  69|0x0000000086100000, 0x0000000086100000, 0x0000000086200000|  0%| F|  |TAMS 0x0000000086100000, 0x0000000086100000| Untracked 
|  70|0x0000000086200000, 0x0000000086200000, 0x0000000086300000|  0%| F|  |TAMS 0x0000000086200000, 0x0000000086200000| Untracked 
|  71|0x0000000086300000, 0x0000000086300000, 0x0000000086400000|  0%| F|  |TAMS 0x0000000086300000, 0x0000000086300000| Untracked 
|  72|0x0000000086400000, 0x0000000086400000, 0x0000000086500000|  0%| F|  |TAMS 0x0000000086400000, 0x0000000086400000| Untracked 
|  73|0x0000000086500000, 0x0000000086500000, 0x0000000086600000|  0%| F|  |TAMS 0x0000000086500000, 0x0000000086500000| Untracked 
|  74|0x0000000086600000, 0x0000000086600000, 0x0000000086700000|  0%| F|  |TAMS 0x0000000086600000, 0x0000000086600000| Untracked 
|  75|0x0000000086700000, 0x0000000086700000, 0x0000000086800000|  0%| F|  |TAMS 0x0000000086700000, 0x0000000086700000| Untracked 
|  76|0x0000000086800000, 0x0000000086800000, 0x0000000086900000|  0%| F|  |TAMS 0x0000000086800000, 0x0000000086800000| Untracked 
|  77|0x0000000086900000, 0x0000000086900000, 0x0000000086a00000|  0%| F|  |TAMS 0x0000000086900000, 0x0000000086900000| Untracked 
|  78|0x0000000086a00000, 0x0000000086a00000, 0x0000000086b00000|  0%| F|  |TAMS 0x0000000086a00000, 0x0000000086a00000| Untracked 
|  79|0x0000000086b00000, 0x0000000086b00000, 0x0000000086c00000|  0%| F|  |TAMS 0x0000000086b00000, 0x0000000086b00000| Untracked 
|  80|0x0000000086c00000, 0x0000000086c00000, 0x0000000086d00000|  0%| F|  |TAMS 0x0000000086c00000, 0x0000000086c00000| Untracked 
|  81|0x0000000086d00000, 0x0000000086d00000, 0x0000000086e00000|  0%| F|  |TAMS 0x0000000086d00000, 0x0000000086d00000| Untracked 
|  82|0x0000000086e00000, 0x0000000086e00000, 0x0000000086f00000|  0%| F|  |TAMS 0x0000000086e00000, 0x0000000086e00000| Untracked 
|  83|0x0000000086f00000, 0x0000000086f00000, 0x0000000087000000|  0%| F|  |TAMS 0x0000000086f00000, 0x0000000086f00000| Untracked 
|  84|0x0000000087000000, 0x0000000087000000, 0x0000000087100000|  0%| F|  |TAMS 0x0000000087000000, 0x0000000087000000| Untracked 
|  85|0x0000000087100000, 0x0000000087100000, 0x0000000087200000|  0%| F|  |TAMS 0x0000000087100000, 0x0000000087100000| Untracked 
|  86|0x0000000087200000, 0x0000000087200000, 0x0000000087300000|  0%| F|  |TAMS 0x0000000087200000, 0x0000000087200000| Untracked 
|  87|0x0000000087300000, 0x0000000087300000, 0x0000000087400000|  0%| F|  |TAMS 0x0000000087300000, 0x0000000087300000| Untracked 
|  88|0x0000000087400000, 0x0000000087400000, 0x0000000087500000|  0%| F|  |TAMS 0x0000000087400000, 0x0000000087400000| Untracked 
|  89|0x0000000087500000, 0x0000000087500000, 0x0000000087600000|  0%| F|  |TAMS 0x0000000087500000, 0x0000000087500000| Untracked 
|  90|0x0000000087600000, 0x0000000087600000, 0x0000000087700000|  0%| F|  |TAMS 0x0000000087600000, 0x0000000087600000| Untracked 
|  91|0x0000000087700000, 0x0000000087700000, 0x0000000087800000|  0%| F|  |TAMS 0x0000000087700000, 0x0000000087700000| Untracked 
|  92|0x0000000087800000, 0x0000000087800000, 0x0000000087900000|  0%| F|  |TAMS 0x0000000087800000, 0x0000000087800000| Untracked 
|  93|0x0000000087900000, 0x0000000087900000, 0x0000000087a00000|  0%| F|  |TAMS 0x0000000087900000, 0x0000000087900000| Untracked 
|  94|0x0000000087a00000, 0x0000000087a00000, 0x0000000087b00000|  0%| F|  |TAMS 0x0000000087a00000, 0x0000000087a00000| Untracked 
|  95|0x0000000087b00000, 0x0000000087b752b0, 0x0000000087c00000| 45%| S|CS|TAMS 0x0000000087b00000, 0x0000000087b00000| Complete 
|  96|0x0000000087c00000, 0x0000000087d00000, 0x0000000087d00000|100%| S|CS|TAMS 0x0000000087c00000, 0x0000000087c00000| Complete 
|  97|0x0000000087d00000, 0x0000000087e00000, 0x0000000087e00000|100%| S|CS|TAMS 0x0000000087d00000, 0x0000000087d00000| Complete 
|  98|0x0000000087e00000, 0x0000000087e00000, 0x0000000087f00000|  0%| F|  |TAMS 0x0000000087e00000, 0x0000000087e00000| Untracked 
|  99|0x0000000087f00000, 0x0000000087f00000, 0x0000000088000000|  0%| F|  |TAMS 0x0000000087f00000, 0x0000000087f00000| Untracked 
| 100|0x0000000088000000, 0x0000000088000000, 0x0000000088100000|  0%| F|  |TAMS 0x0000000088000000, 0x0000000088000000| Untracked 
| 101|0x0000000088100000, 0x0000000088100000, 0x0000000088200000|  0%| F|  |TAMS 0x0000000088100000, 0x0000000088100000| Untracked 
| 102|0x0000000088200000, 0x0000000088300000, 0x0000000088300000|100%| S|CS|TAMS 0x0000000088200000, 0x0000000088200000| Complete 
| 103|0x0000000088300000, 0x0000000088300000, 0x0000000088400000|  0%| F|  |TAMS 0x0000000088300000, 0x0000000088300000| Untracked 
| 104|0x0000000088400000, 0x0000000088400000, 0x0000000088500000|  0%| F|  |TAMS 0x0000000088400000, 0x0000000088400000| Untracked 
| 105|0x0000000088500000, 0x0000000088500000, 0x0000000088600000|  0%| F|  |TAMS 0x0000000088500000, 0x0000000088500000| Untracked 
| 106|0x0000000088600000, 0x0000000088600000, 0x0000000088700000|  0%| F|  |TAMS 0x0000000088600000, 0x0000000088600000| Untracked 
| 107|0x0000000088700000, 0x0000000088700000, 0x0000000088800000|  0%| F|  |TAMS 0x0000000088700000, 0x0000000088700000| Untracked 
| 108|0x0000000088800000, 0x0000000088800000, 0x0000000088900000|  0%| F|  |TAMS 0x0000000088800000, 0x0000000088800000| Untracked 
| 109|0x0000000088900000, 0x0000000088900000, 0x0000000088a00000|  0%| F|  |TAMS 0x0000000088900000, 0x0000000088900000| Untracked 
| 110|0x0000000088a00000, 0x0000000088a00000, 0x0000000088b00000|  0%| F|  |TAMS 0x0000000088a00000, 0x0000000088a00000| Untracked 
| 111|0x0000000088b00000, 0x0000000088b00000, 0x0000000088c00000|  0%| F|  |TAMS 0x0000000088b00000, 0x0000000088b00000| Untracked 
| 112|0x0000000088c00000, 0x0000000088c00000, 0x0000000088d00000|  0%| F|  |TAMS 0x0000000088c00000, 0x0000000088c00000| Untracked 
| 113|0x0000000088d00000, 0x0000000088d00000, 0x0000000088e00000|  0%| F|  |TAMS 0x0000000088d00000, 0x0000000088d00000| Untracked 
| 114|0x0000000088e00000, 0x0000000088e00000, 0x0000000088f00000|  0%| F|  |TAMS 0x0000000088e00000, 0x0000000088e00000| Untracked 
| 115|0x0000000088f00000, 0x0000000088f00000, 0x0000000089000000|  0%| F|  |TAMS 0x0000000088f00000, 0x0000000088f00000| Untracked 
| 116|0x0000000089000000, 0x0000000089000000, 0x0000000089100000|  0%| F|  |TAMS 0x0000000089000000, 0x0000000089000000| Untracked 
| 117|0x0000000089100000, 0x0000000089100000, 0x0000000089200000|  0%| F|  |TAMS 0x0000000089100000, 0x0000000089100000| Untracked 
| 118|0x0000000089200000, 0x0000000089200000, 0x0000000089300000|  0%| F|  |TAMS 0x0000000089200000, 0x0000000089200000| Untracked 
| 119|0x0000000089300000, 0x0000000089300000, 0x0000000089400000|  0%| F|  |TAMS 0x0000000089300000, 0x0000000089300000| Untracked 
| 120|0x0000000089400000, 0x0000000089400000, 0x0000000089500000|  0%| F|  |TAMS 0x0000000089400000, 0x0000000089400000| Untracked 
| 121|0x0000000089500000, 0x0000000089500000, 0x0000000089600000|  0%| F|  |TAMS 0x0000000089500000, 0x0000000089500000| Untracked 
| 122|0x0000000089600000, 0x0000000089600000, 0x0000000089700000|  0%| F|  |TAMS 0x0000000089600000, 0x0000000089600000| Untracked 
| 123|0x0000000089700000, 0x0000000089700000, 0x0000000089800000|  0%| F|  |TAMS 0x0000000089700000, 0x0000000089700000| Untracked 
| 124|0x0000000089800000, 0x0000000089800000, 0x0000000089900000|  0%| F|  |TAMS 0x0000000089800000, 0x0000000089800000| Untracked 
| 125|0x0000000089900000, 0x0000000089900000, 0x0000000089a00000|  0%| F|  |TAMS 0x0000000089900000, 0x0000000089900000| Untracked 
| 126|0x0000000089a00000, 0x0000000089a00000, 0x0000000089b00000|  0%| F|  |TAMS 0x0000000089a00000, 0x0000000089a00000| Untracked 
| 127|0x0000000089b00000, 0x0000000089b00000, 0x0000000089c00000|  0%| F|  |TAMS 0x0000000089b00000, 0x0000000089b00000| Untracked 
| 128|0x0000000089c00000, 0x0000000089c00000, 0x0000000089d00000|  0%| F|  |TAMS 0x0000000089c00000, 0x0000000089c00000| Untracked 
| 129|0x0000000089d00000, 0x0000000089d00000, 0x0000000089e00000|  0%| F|  |TAMS 0x0000000089d00000, 0x0000000089d00000| Untracked 
| 130|0x0000000089e00000, 0x0000000089e00000, 0x0000000089f00000|  0%| F|  |TAMS 0x0000000089e00000, 0x0000000089e00000| Untracked 
| 131|0x0000000089f00000, 0x0000000089f00000, 0x000000008a000000|  0%| F|  |TAMS 0x0000000089f00000, 0x0000000089f00000| Untracked 
| 132|0x000000008a000000, 0x000000008a000000, 0x000000008a100000|  0%| F|  |TAMS 0x000000008a000000, 0x000000008a000000| Untracked 
| 133|0x000000008a100000, 0x000000008a100000, 0x000000008a200000|  0%| F|  |TAMS 0x000000008a100000, 0x000000008a100000| Untracked 
| 134|0x000000008a200000, 0x000000008a200000, 0x000000008a300000|  0%| F|  |TAMS 0x000000008a200000, 0x000000008a200000| Untracked 
| 135|0x000000008a300000, 0x000000008a300000, 0x000000008a400000|  0%| F|  |TAMS 0x000000008a300000, 0x000000008a300000| Untracked 
| 136|0x000000008a400000, 0x000000008a400000, 0x000000008a500000|  0%| F|  |TAMS 0x000000008a400000, 0x000000008a400000| Untracked 
| 137|0x000000008a500000, 0x000000008a577940, 0x000000008a600000| 46%| E|  |TAMS 0x000000008a500000, 0x000000008a500000| Complete 
| 138|0x000000008a600000, 0x000000008a700000, 0x000000008a700000|100%| E|CS|TAMS 0x000000008a600000, 0x000000008a600000| Complete 
| 139|0x000000008a700000, 0x000000008a800000, 0x000000008a800000|100%| E|CS|TAMS 0x000000008a700000, 0x000000008a700000| Complete 
| 140|0x000000008a800000, 0x000000008a900000, 0x000000008a900000|100%| E|CS|TAMS 0x000000008a800000, 0x000000008a800000| Complete 
| 141|0x000000008a900000, 0x000000008aa00000, 0x000000008aa00000|100%| E|CS|TAMS 0x000000008a900000, 0x000000008a900000| Complete 
| 142|0x000000008aa00000, 0x000000008ab00000, 0x000000008ab00000|100%| E|CS|TAMS 0x000000008aa00000, 0x000000008aa00000| Complete 
| 143|0x000000008ab00000, 0x000000008ac00000, 0x000000008ac00000|100%| E|CS|TAMS 0x000000008ab00000, 0x000000008ab00000| Complete 
| 144|0x000000008ac00000, 0x000000008ad00000, 0x000000008ad00000|100%| E|CS|TAMS 0x000000008ac00000, 0x000000008ac00000| Complete 
| 145|0x000000008ad00000, 0x000000008ae00000, 0x000000008ae00000|100%| E|CS|TAMS 0x000000008ad00000, 0x000000008ad00000| Complete 
| 146|0x000000008ae00000, 0x000000008af00000, 0x000000008af00000|100%| E|CS|TAMS 0x000000008ae00000, 0x000000008ae00000| Complete 
| 147|0x000000008af00000, 0x000000008b000000, 0x000000008b000000|100%| E|CS|TAMS 0x000000008af00000, 0x000000008af00000| Complete 
| 148|0x000000008b000000, 0x000000008b100000, 0x000000008b100000|100%| E|CS|TAMS 0x000000008b000000, 0x000000008b000000| Complete 
| 149|0x000000008b100000, 0x000000008b200000, 0x000000008b200000|100%| E|CS|TAMS 0x000000008b100000, 0x000000008b100000| Complete 
| 150|0x000000008b200000, 0x000000008b300000, 0x000000008b300000|100%| E|CS|TAMS 0x000000008b200000, 0x000000008b200000| Complete 
| 151|0x000000008b300000, 0x000000008b400000, 0x000000008b400000|100%| E|CS|TAMS 0x000000008b300000, 0x000000008b300000| Complete 
| 152|0x000000008b400000, 0x000000008b500000, 0x000000008b500000|100%| E|CS|TAMS 0x000000008b400000, 0x000000008b400000| Complete 
| 153|0x000000008b500000, 0x000000008b600000, 0x000000008b600000|100%| E|CS|TAMS 0x000000008b500000, 0x000000008b500000| Complete 

Card table byte_map: [0x000001d326830000,0x000001d326c30000] _byte_map_base: 0x000001d326422000

Marking Bits (Prev, Next): (CMBitMap*) 0x000001d30f7670c0, (CMBitMap*) 0x000001d30f767088
 Prev Bits: [0x000001d328fc0000, 0x000001d32af50000)
 Next Bits: [0x000001d327030000, 0x000001d328fc0000)

Polling page: 0x000001d316de0000

Metaspace:

Usage:
  Non-class:     20.17 MB capacity,    19.66 MB ( 97%) used,   473.08 KB (  2%) free+waste,    54.44 KB ( <1%) overhead. 
      Class:      2.63 MB capacity,     2.31 MB ( 88%) used,   305.95 KB ( 11%) free+waste,    28.31 KB (  1%) overhead. 
       Both:     22.81 MB capacity,    21.97 MB ( 96%) used,   779.03 KB (  3%) free+waste,    82.75 KB ( <1%) overhead. 

Virtual space:
  Non-class space:       22.00 MB reserved,      20.42 MB ( 93%) committed 
      Class space:        1.00 GB reserved,       2.75 MB ( <1%) committed 
             Both:        1.02 GB reserved,      23.17 MB (  2%) committed 

Chunk freelists:
   Non-Class:  8.00 KB
       Class:  2.75 KB
        Both:  10.75 KB

CodeHeap 'non-profiled nmethods': size=120064Kb used=991Kb max_used=991Kb free=119072Kb
 bounds [0x000001d31e8c0000, 0x000001d31eb30000, 0x000001d325e00000]
CodeHeap 'profiled nmethods': size=120000Kb used=5184Kb max_used=5184Kb free=114815Kb
 bounds [0x000001d317390000, 0x000001d3178b0000, 0x000001d31e8c0000]
CodeHeap 'non-nmethods': size=5696Kb used=2164Kb max_used=2192Kb free=3531Kb
 bounds [0x000001d316e00000, 0x000001d317070000, 0x000001d317390000]
 total_blobs=3285 nmethods=2573 adapters=623
 compilation: enabled
              stopped_count=0, restarted_count=0
 full_count=0

Compilation events (10 events):
Event: 3.870 Thread 0x000001d32d5bd800 2582       3       sun.security.ssl.CipherSuite::supports (11 bytes)
Event: 3.870 Thread 0x000001d32d5bd800 nmethod 2582 0x000001d317895b90 code [0x000001d317895d40, 0x000001d317895f08]
Event: 3.876 Thread 0x000001d32e987800 nmethod 2572 0x000001d31e9b4490 code [0x000001d31e9b4680, 0x000001d31e9b4e90]
Event: 3.876 Thread 0x000001d32e987800 2571       4       java.util.HashMap$HashIterator::<init> (79 bytes)
Event: 3.876 Thread 0x000001d32d5bd800 2583       3       sun.security.util.DisabledAlgorithmConstraints::permits (33 bytes)
Event: 3.876 Thread 0x000001d32d5bd800 nmethod 2583 0x000001d317896010 code [0x000001d3178961c0, 0x000001d317896418]
Event: 3.877 Thread 0x000001d32d5bd800 2584   !   3       sun.security.ssl.SSLAlgorithmDecomposer::decompose (67 bytes)
Event: 3.877 Thread 0x000001d32d5bd800 nmethod 2584 0x000001d317896510 code [0x000001d317896720, 0x000001d317896b68]
Event: 3.884 Thread 0x000001d32e987800 nmethod 2571 0x000001d31e9b5410 code [0x000001d31e9b55a0, 0x000001d31e9b5938]
Event: 3.884 Thread 0x000001d32e987800 2579       4       java.util.HashSet::iterator (13 bytes)

GC Heap History (10 events):
Event: 1.193 GC heap before
{Heap before GC invocations=0 (full 0):
 garbage-first heap   total 131072K, used 16384K [0x0000000081c00000, 0x0000000100000000)
  region size 1024K, 14 young (14336K), 0 survivors (0K)
 Metaspace       used 11946K, capacity 12090K, committed 12160K, reserved 1060864K
  class space    used 1050K, capacity 1094K, committed 1152K, reserved 1048576K
}
Event: 1.200 GC heap after
{Heap after GC invocations=1 (full 0):
 garbage-first heap   total 131072K, used 2952K [0x0000000081c00000, 0x0000000100000000)
  region size 1024K, 2 young (2048K), 2 survivors (2048K)
 Metaspace       used 11946K, capacity 12090K, committed 12160K, reserved 1060864K
  class space    used 1050K, capacity 1094K, committed 1152K, reserved 1048576K
}
Event: 1.399 GC heap before
{Heap before GC invocations=1 (full 0):
 garbage-first heap   total 131072K, used 7048K [0x0000000081c00000, 0x0000000100000000)
  region size 1024K, 6 young (6144K), 2 survivors (2048K)
 Metaspace       used 13385K, capacity 13586K, committed 13824K, reserved 1062912K
  class space    used 1199K, capacity 1277K, committed 1280K, reserved 1048576K
}
Event: 1.406 GC heap after
{Heap after GC invocations=2 (full 0):
 garbage-first heap   total 131072K, used 4508K [0x0000000081c00000, 0x0000000100000000)
  region size 1024K, 1 young (1024K), 1 survivors (1024K)
 Metaspace       used 13385K, capacity 13586K, committed 13824K, reserved 1062912K
  class space    used 1199K, capacity 1277K, committed 1280K, reserved 1048576K
}
Event: 1.959 GC heap before
{Heap before GC invocations=2 (full 0):
 garbage-first heap   total 131072K, used 15772K [0x0000000081c00000, 0x0000000100000000)
  region size 1024K, 13 young (13312K), 1 survivors (1024K)
 Metaspace       used 16540K, capacity 16815K, committed 17152K, reserved 1064960K
  class space    used 1579K, capacity 1697K, committed 1792K, reserved 1048576K
}
Event: 1.968 GC heap after
{Heap after GC invocations=3 (full 0):
 garbage-first heap   total 131072K, used 6599K [0x0000000081c00000, 0x0000000100000000)
  region size 1024K, 2 young (2048K), 2 survivors (2048K)
 Metaspace       used 16540K, capacity 16815K, committed 17152K, reserved 1064960K
  class space    used 1579K, capacity 1697K, committed 1792K, reserved 1048576K
}
Event: 2.769 GC heap before
{Heap before GC invocations=3 (full 0):
 garbage-first heap   total 131072K, used 31175K [0x0000000081c00000, 0x0000000100000000)
  region size 1024K, 26 young (26624K), 2 survivors (2048K)
 Metaspace       used 18554K, capacity 19171K, committed 19328K, reserved 1067008K
  class space    used 1874K, capacity 2149K, committed 2176K, reserved 1048576K
}
Event: 2.786 GC heap after
{Heap after GC invocations=4 (full 0):
 garbage-first heap   total 131072K, used 10759K [0x0000000081c00000, 0x0000000100000000)
  region size 1024K, 4 young (4096K), 4 survivors (4096K)
 Metaspace       used 18554K, capacity 19171K, committed 19328K, reserved 1067008K
  class space    used 1874K, capacity 2149K, committed 2176K, reserved 1048576K
}
Event: 3.187 GC heap before
{Heap before GC invocations=4 (full 0):
 garbage-first heap   total 131072K, used 35335K [0x0000000081c00000, 0x0000000100000000)
  region size 1024K, 29 young (29696K), 4 survivors (4096K)
 Metaspace       used 20501K, capacity 21179K, committed 21296K, reserved 1069056K
  class space    used 2065K, capacity 2371K, committed 2432K, reserved 1048576K
}
Event: 3.208 GC heap after
{Heap after GC invocations=5 (full 0):
 garbage-first heap   total 157696K, used 14470K [0x0000000081c00000, 0x0000000100000000)
  region size 1024K, 4 young (4096K), 4 survivors (4096K)
 Metaspace       used 20501K, capacity 21179K, committed 21296K, reserved 1069056K
  class space    used 2065K, capacity 2371K, committed 2432K, reserved 1048576K
}

Deoptimization events (10 events):
Event: 3.471 Thread 0x000001d30f729000 Uncommon trap: reason=class_check action=maybe_recompile pc=0x000001d31e986a30 method=java.util.regex.Pattern$Node.study(Ljava/util/regex/Pattern$TreeInfo;)Z @ 12 c2
Event: 3.471 Thread 0x000001d30f729000 Uncommon trap: reason=class_check action=maybe_recompile pc=0x000001d31e986a30 method=java.util.regex.Pattern$Node.study(Ljava/util/regex/Pattern$TreeInfo;)Z @ 12 c2
Event: 3.476 Thread 0x000001d30f729000 Uncommon trap: reason=bimorphic_or_optimized_type_check action=maybe_recompile pc=0x000001d31e8fea00 method=java.util.HashMap.putVal(ILjava/lang/Object;Ljava/lang/Object;ZZ)Ljava/lang/Object; @ 203 c2
Event: 3.488 Thread 0x000001d30f729000 Uncommon trap: reason=class_check action=maybe_recompile pc=0x000001d31e97d2fc method=java.util.regex.Pattern$BmpCharProperty.match(Ljava/util/regex/Matcher;ILjava/lang/CharSequence;)Z @ 36 c2
Event: 3.511 Thread 0x000001d30f729000 Uncommon trap: reason=class_check action=maybe_recompile pc=0x000001d31e986a30 method=java.util.regex.Pattern$Node.study(Ljava/util/regex/Pattern$TreeInfo;)Z @ 12 c2
Event: 3.511 Thread 0x000001d30f729000 Uncommon trap: reason=class_check action=maybe_recompile pc=0x000001d31e986a30 method=java.util.regex.Pattern$Node.study(Ljava/util/regex/Pattern$TreeInfo;)Z @ 12 c2
Event: 3.701 Thread 0x000001d30f729000 Uncommon trap: reason=class_check action=maybe_recompile pc=0x000001d31e92c204 method=java.util.LinkedHashMap.afterNodeInsertion(Z)V @ 15 c2
Event: 3.710 Thread 0x000001d30f729000 Uncommon trap: reason=bimorphic_or_optimized_type_check action=maybe_recompile pc=0x000001d31e8fea00 method=java.util.HashMap.putVal(ILjava/lang/Object;Ljava/lang/Object;ZZ)Ljava/lang/Object; @ 203 c2
Event: 3.711 Thread 0x000001d30f729000 Uncommon trap: reason=bimorphic_or_optimized_type_check action=maybe_recompile pc=0x000001d31e8fea00 method=java.util.HashMap.putVal(ILjava/lang/Object;Ljava/lang/Object;ZZ)Ljava/lang/Object; @ 203 c2
Event: 3.792 Thread 0x000001d30f729000 Uncommon trap: reason=unstable_if action=reinterpret pc=0x000001d31e99ac34 method=java.lang.StringLatin1.regionMatchesCI([BI[BII)Z @ 66 c2

Classes redefined (0 events):
No events

Internal exceptions (10 events):
Event: 3.597 Thread 0x000001d30f729000 Exception <a 'java/lang/ClassNotFoundException'{0x000000008ac78410}: io/restassured/internal/RestAssuredHttpBuilderBeanInfo> (0x000000008ac78410) thrown at [./open/src/hotspot/share/classfile/systemDictionary.cpp, line 226]
Event: 3.598 Thread 0x000001d30f729000 Exception <a 'java/lang/ClassNotFoundException'{0x000000008ac7f408}: io/restassured/internal/http/HTTPBuilderBeanInfo> (0x000000008ac7f408) thrown at [./open/src/hotspot/share/classfile/systemDictionary.cpp, line 226]
Event: 3.599 Thread 0x000001d30f729000 Exception <a 'java/lang/ClassNotFoundException'{0x000000008ac86608}: io/restassured/internal/http/HTTPBuilderCustomizer> (0x000000008ac86608) thrown at [./open/src/hotspot/share/classfile/systemDictionary.cpp, line 226]
Event: 3.602 Thread 0x000001d30f729000 Exception <a 'java/lang/ClassNotFoundException'{0x000000008aca56f0}: io/restassured/internal/RestAssuredHttpBuilderCustomizer> (0x000000008aca56f0) thrown at [./open/src/hotspot/share/classfile/systemDictionary.cpp, line 226]
Event: 3.617 Thread 0x000001d30f729000 Exception <a 'java/lang/ClassNotFoundException'{0x000000008aa3a0a0}: org/codehaus/groovy/runtime/MethodClosureBeanInfo> (0x000000008aa3a0a0) thrown at [./open/src/hotspot/share/classfile/systemDictionary.cpp, line 226]
Event: 3.627 Thread 0x000001d30f729000 Exception <a 'java/lang/ClassNotFoundException'{0x000000008a99bf80}: org/codehaus/groovy/runtime/MethodClosureCustomizer> (0x000000008a99bf80) thrown at [./open/src/hotspot/share/classfile/systemDictionary.cpp, line 226]
Event: 3.656 Thread 0x000001d30f729000 Exception <a 'java/lang/ClassNotFoundException'{0x000000008a80f968}: io/restassured/internal/http/EncoderRegistryBeanInfo> (0x000000008a80f968) thrown at [./open/src/hotspot/share/classfile/systemDictionary.cpp, line 226]
Event: 3.657 Thread 0x000001d30f729000 Exception <a 'java/lang/ClassNotFoundException'{0x000000008a816e18}: io/restassured/internal/http/EncoderRegistryCustomizer> (0x000000008a816e18) thrown at [./open/src/hotspot/share/classfile/systemDictionary.cpp, line 226]
Event: 3.783 Thread 0x000001d30f729000 Exception <a 'java/lang/NoSuchMethodError'{0x000000008a731860}: java.lang.invoke.DirectMethodHandle$Holder.invokeStaticInit(Ljava/lang/Object;IIII)Ljava/lang/Object;> (0x000000008a731860) thrown at [./open/src/hotspot/share/interpreter/linkResolver.cpp, l
Event: 3.784 Thread 0x000001d30f729000 Exception <a 'sun/nio/fs/WindowsException'{0x000000008a737e28}> (0x000000008a737e28) thrown at [./open/src/hotspot/share/prims/jni.cpp, line 611]

Events (10 events):
Event: 3.823 loading class sun/security/util/ECKeySizeParameterSpec
Event: 3.823 loading class sun/security/util/ECKeySizeParameterSpec done
Event: 3.823 loading class java/security/spec/ECGenParameterSpec
Event: 3.823 loading class java/security/spec/NamedParameterSpec
Event: 3.823 loading class java/security/spec/NamedParameterSpec done
Event: 3.823 loading class java/security/spec/ECGenParameterSpec done
Event: 3.824 loading class java/security/KeyPairGenerator$Delegate
Event: 3.824 loading class java/security/KeyPairGenerator$Delegate done
Event: 3.875 loading class sun/security/ssl/SSLContextImpl$CustomizedSSLProtocols
Event: 3.875 loading class sun/security/ssl/SSLContextImpl$CustomizedSSLProtocols done


Dynamic libraries:
0x00007ff73e190000 - 0x00007ff73e19f000 	C:\Program Files\Java\jdk-11.0.15\bin\java.exe
0x00007ff99da90000 - 0x00007ff99dc88000 	C:\WINDOWS\SYSTEM32\ntdll.dll
0x00007ff99bbe0000 - 0x00007ff99bc9d000 	C:\WINDOWS\System32\KERNEL32.DLL
0x00007ff99b340000 - 0x00007ff99b612000 	C:\WINDOWS\System32\KERNELBASE.dll
0x00007ff99b650000 - 0x00007ff99b750000 	C:\WINDOWS\System32\ucrtbase.dll
0x00007ff98b630000 - 0x00007ff98b648000 	C:\Program Files\Java\jdk-11.0.15\bin\jli.dll
0x00007ff99c580000 - 0x00007ff99c62e000 	C:\WINDOWS\System32\ADVAPI32.dll
0x00007ff99d7f0000 - 0x00007ff99d88e000 	C:\WINDOWS\System32\msvcrt.dll
0x00007ff99c400000 - 0x00007ff99c49c000 	C:\WINDOWS\System32\sechost.dll
0x00007ff99bca0000 - 0x00007ff99bdc5000 	C:\WINDOWS\System32\RPCRT4.dll
0x00007ff99c970000 - 0x00007ff99cb0d000 	C:\WINDOWS\System32\USER32.dll
0x00007ff99ba50000 - 0x00007ff99ba72000 	C:\WINDOWS\System32\win32u.dll
0x00007ff98abb0000 - 0x00007ff98abc5000 	C:\Program Files\Java\jdk-11.0.15\bin\VCRUNTIME140.dll
0x00007ff99c550000 - 0x00007ff99c57b000 	C:\WINDOWS\System32\GDI32.dll
0x00007ff99b750000 - 0x00007ff99b85f000 	C:\WINDOWS\System32\gdi32full.dll
0x00007ff99b1f0000 - 0x00007ff99b28d000 	C:\WINDOWS\System32\msvcp_win.dll
0x00007ff98a740000 - 0x00007ff98a9da000 	C:\WINDOWS\WinSxS\amd64_microsoft.windows.common-controls_6595b64144ccf1df_6.0.19041.1110_none_60b5254171f9507e\COMCTL32.dll
0x00007ff9936f0000 - 0x00007ff9936fa000 	C:\WINDOWS\SYSTEM32\VERSION.dll
0x00007ff99bf00000 - 0x00007ff99bf30000 	C:\WINDOWS\System32\IMM32.DLL
0x00007ff961f00000 - 0x00007ff961f9b000 	C:\Program Files\Java\jdk-11.0.15\bin\msvcp140.dll
0x00007ff935ed0000 - 0x00007ff9369e6000 	C:\Program Files\Java\jdk-11.0.15\bin\server\jvm.dll
0x00007ff99d350000 - 0x00007ff99d358000 	C:\WINDOWS\System32\PSAPI.DLL
0x00007ff984030000 - 0x00007ff984039000 	C:\WINDOWS\SYSTEM32\WSOCK32.dll
0x00007ff99c750000 - 0x00007ff99c7bb000 	C:\WINDOWS\System32\WS2_32.dll
0x00007ff990330000 - 0x00007ff990357000 	C:\WINDOWS\SYSTEM32\WINMM.dll
0x00007ff999060000 - 0x00007ff999072000 	C:\WINDOWS\SYSTEM32\kernel.appcore.dll
0x00007ff9900b0000 - 0x00007ff9900c0000 	C:\Program Files\Java\jdk-11.0.15\bin\verify.dll
0x00007ff986260000 - 0x00007ff986444000 	C:\WINDOWS\SYSTEM32\DBGHELP.DLL
0x00007ff9861f0000 - 0x00007ff98621c000 	C:\WINDOWS\SYSTEM32\dbgcore.DLL
0x00007ff99b860000 - 0x00007ff99b8e2000 	C:\WINDOWS\System32\bcryptPrimitives.dll
0x00007ff98aa20000 - 0x00007ff98aa48000 	C:\Program Files\Java\jdk-11.0.15\bin\java.dll
0x00007ff98dff0000 - 0x00007ff98dffa000 	C:\Program Files\Java\jdk-11.0.15\bin\jimage.dll
0x00007ff996cd0000 - 0x00007ff996cde000 	C:\Program Files\Java\jdk-11.0.15\bin\instrument.dll
0x00007ff98aa00000 - 0x00007ff98aa16000 	C:\Program Files\Java\jdk-11.0.15\bin\zip.dll
0x00007ff99cc00000 - 0x00007ff99d343000 	C:\WINDOWS\System32\SHELL32.dll
0x00007ff999260000 - 0x00007ff9999f1000 	C:\WINDOWS\SYSTEM32\windows.storage.dll
0x00007ff99d490000 - 0x00007ff99d7e4000 	C:\WINDOWS\System32\combase.dll
0x00007ff99ac00000 - 0x00007ff99ac30000 	C:\WINDOWS\SYSTEM32\Wldp.dll
0x00007ff99be50000 - 0x00007ff99befd000 	C:\WINDOWS\System32\SHCORE.dll
0x00007ff99bf30000 - 0x00007ff99bf85000 	C:\WINDOWS\System32\shlwapi.dll
0x00007ff99b0e0000 - 0x00007ff99b0ff000 	C:\WINDOWS\SYSTEM32\profapi.dll
0x00007ff98a9e0000 - 0x00007ff98a9f9000 	C:\Program Files\Java\jdk-11.0.15\bin\net.dll
0x00007ff98cf70000 - 0x00007ff98d07d000 	C:\WINDOWS\SYSTEM32\WINHTTP.dll
0x00007ff99a960000 - 0x00007ff99a9ca000 	C:\WINDOWS\system32\mswsock.dll
0x00007ff989d30000 - 0x00007ff989d42000 	C:\Program Files\Java\jdk-11.0.15\bin\nio.dll
0x00007ff994dc0000 - 0x00007ff994dda000 	C:\Program Files\JetBrains\IntelliJ IDEA Community Edition 2022.1.1\bin\breakgen64.dll
0x00007ff98d520000 - 0x00007ff98d545000 	C:\Program Files\Java\jdk-11.0.15\bin\sunec.dll

dbghelp: loaded successfully - version: 4.0.5 - missing functions: none
symbol engine: initialized successfully - sym options: 0x614 - pdb path: .;C:\Program Files\Java\jdk-11.0.15\bin;C:\WINDOWS\SYSTEM32;C:\WINDOWS\WinSxS\amd64_microsoft.windows.common-controls_6595b64144ccf1df_6.0.19041.1110_none_60b5254171f9507e;C:\Program Files\Java\jdk-11.0.15\bin\server;C:\Program Files\JetBrains\IntelliJ IDEA Community Edition 2022.1.1\bin

VM Arguments:
jvm_args: -ea -Duser.language=en -Didea.test.cyclic.buffer.size=1048576 -javaagent:C:\Program Files\JetBrains\IntelliJ IDEA Community Edition 2022.1.1\lib\idea_rt.jar=51006:C:\Program Files\JetBrains\IntelliJ IDEA Community Edition 2022.1.1\bin -Dfile.encoding=UTF-8 
java_command: com.intellij.rt.junit.JUnitStarter -ideVersion5 -junit4 get_request.Get05,name
java_class_path (initial): C:\Program Files\JetBrains\IntelliJ IDEA Community Edition 2022.1.1\lib\idea_rt.jar;C:\Program Files\JetBrains\IntelliJ IDEA Community Edition 2022.1.1\plugins\junit\lib\junit5-rt.jar;C:\Program Files\JetBrains\IntelliJ IDEA Community Edition 2022.1.1\plugins\junit\lib\junit-rt.jar;C:\Users\lkmnb\IdeaProjects\MyAPIPractice\target\test-classes;C:\Users\lkmnb\.m2\repository\io\rest-assured\rest-assured\5.2.0\rest-assured-5.2.0.jar;C:\Users\lkmnb\.m2\repository\org\apache\groovy\groovy\4.0.1\groovy-4.0.1.jar;C:\Users\lkmnb\.m2\repository\org\apache\groovy\groovy-xml\4.0.1\groovy-xml-4.0.1.jar;C:\Users\lkmnb\.m2\repository\org\apache\httpcomponents\httpclient\4.5.13\httpclient-4.5.13.jar;C:\Users\lkmnb\.m2\repository\org\apache\httpcomponents\httpcore\4.4.13\httpcore-4.4.13.jar;C:\Users\lkmnb\.m2\repository\commons-logging\commons-logging\1.2\commons-logging-1.2.jar;C:\Users\lkmnb\.m2\repository\commons-codec\commons-codec\1.11\commons-codec-1.11.jar;C:\Users\lkmnb\.m2\repository\org\apache\httpcomponents\httpmime\4.5.13\httpmime-4.5.13.jar;C:\Users\lkmnb\.m2\repository\org\hamcrest\hamcrest\2.1\hamcrest-2.1.jar;C:\Users\lkmnb\.m2\repository\org\ccil\cowan\tagsoup\tagsoup\1.2.1\tagsoup-1.2.1.jar;C:\Users\lkmnb\.m2\repository\io\rest-assured\json-path\5.2.0\json-path-5.2.0.jar;C:\Users\lkmnb\.m2\repository\org\apache\groovy\groovy-json\4.0.1\groovy-json-4.0.1.jar;C:\Users\lkmnb\.m2\repository\io\rest-assured\rest-assured-common\5.2.0\rest-assured-common-5.2.0.jar;C:\Users\lkmnb\.m2\repository\io\rest-assured\xml-path\5.2.0\xml-path-5.2.0.jar;C:\Users\lkmnb\.m2\repository\org\apache\commons\commons-lang3\3.11\commons-lang3-3.11.jar;C:\Users\lkmnb\.m2\repository\org\json\json\20220924\json-20220924.jar;C:\Users\lkmnb\.m2\repository\org\testng\testng\7.6.1\testng-7.6.1.jar;C:\Users\lkmnb\.m2\repository\com\google\code\findbugs\jsr305\3.0.2\jsr305-3.0.2.jar;C:\Users\lkmnb\.m2\repository\org\slf4j\slf4j-api\1.7.36\slf4j-api-1.7.36.jar;C:\Users\lkm
Launcher Type: SUN_STANDARD

[Global flags]
     intx CICompilerCount                          = 3                                         {product} {ergonomic}
     uint ConcGCThreads                            = 1                                         {product} {ergonomic}
     uint G1ConcRefinementThreads                  = 4                                         {product} {ergonomic}
   size_t G1HeapRegionSize                         = 1048576                                   {product} {ergonomic}
    uintx GCDrainStackTargetSize                   = 64                                        {product} {ergonomic}
   size_t InitialHeapSize                          = 134217728                                 {product} {ergonomic}
   size_t MarkStackSize                            = 4194304                                   {product} {ergonomic}
   size_t MaxHeapSize                              = 2118123520                                {product} {ergonomic}
   size_t MaxNewSize                               = 1270874112                                {product} {ergonomic}
   size_t MinHeapDeltaBytes                        = 1048576                                   {product} {ergonomic}
    uintx NonNMethodCodeHeapSize                   = 5830732                                {pd product} {ergonomic}
    uintx NonProfiledCodeHeapSize                  = 122913754                              {pd product} {ergonomic}
    uintx ProfiledCodeHeapSize                     = 122913754                              {pd product} {ergonomic}
    uintx ReservedCodeCacheSize                    = 251658240                              {pd product} {ergonomic}
     bool SegmentedCodeCache                       = true                                      {product} {ergonomic}
     bool UseCompressedClassPointers               = true                                 {lp64_product} {ergonomic}
     bool UseCompressedOops                        = true                                 {lp64_product} {ergonomic}
     bool UseG1GC                                  = true                                      {product} {ergonomic}
     bool UseLargePagesIndividualAllocation        = false                                  {pd product} {ergonomic}

Logging:
Log output configuration:
 #0: stdout all=warning uptime,level,tags
 #1: stderr all=off uptime,level,tags

Environment Variables:
JAVA_HOME=C:\Program Files\Java\jdk-11.0.15
PATH=C:\Program Files\Common Files\Oracle\Java\javapath;C:\WINDOWS\system32;C:\WINDOWS;C:\WINDOWS\System32\Wbem;C:\WINDOWS\System32\WindowsPowerShell\v1.0\;C:\WINDOWS\System32\OpenSSH\;C:\Program Files\Git\cmd;C:\Users\lkmnb\AppData\Local\Microsoft\WindowsApps;C:\Program Files\Java\jdk-11.0.15\bin;C:\Users\lkmnb\AppData\Local\Programs\Microsoft VS Code\bin;C:\Program Files (x86)\apache-maven-3.8.6\bin;
USERNAME=lokman
OS=Windows_NT
PROCESSOR_IDENTIFIER=Intel64 Family 6 Model 69 Stepping 1, GenuineIntel



---------------  S Y S T E M  ---------------

OS: Windows 10 , 64 bit Build 19041 (10.0.19041.1889)

CPU:total 4 (initial active 4) (2 cores per cpu, 2 threads per core) family 6 model 69 stepping 1 microcode 0x25, cmov, cx8, fxsr, mmx, sse, sse2, sse3, ssse3, sse4.1, sse4.2, popcnt, avx, avx2, aes, clmul, erms, lzcnt, ht, tsc, tscinvbit, bmi1, bmi2, fma

Memory: 4k page, system-wide physical 8075M (371M free)
TotalPageFile size 23238M (AvailPageFile size 5M)
current process WorkingSet (physical memory assigned to process): 148M, peak: 148M
current process commit charge ("private bytes"): 277M, peak: 278M

vm_info: Java HotSpot(TM) 64-Bit Server VM (11.0.15+8-LTS-149) for windows-amd64 JRE (11.0.15+8-LTS-149), built on Mar  9 2022 22:42:32 by "mach5one" with MS VC++ 15.9 (VS2017)

END.
