#
# There is insufficient memory for the Java Runtime Environment to continue.
# Native memory allocation (mmap) failed to map 27262976 bytes for Failed to commit area from 0x0000000089c00000 to 0x000000008b600000 of length 27262976.
# Possible reasons:
#   The system is out of physical RAM or swap space
#   The process is running with CompressedOops enabled, and the Java Heap may be blocking the growth of the native heap
# Possible solutions:
#   Reduce memory load on the system
#   Increase physical memory or swap space
#   Check if swap backing store is full
#   Decrease Java heap size (-Xmx/-Xms)
#   Decrease number of Java threads
#   Decrease Java thread stack sizes (-Xss)
#   Set larger code cache with -XX:ReservedCodeCacheSize=
#   JVM is running with Unscaled Compressed Oops mode in which the Java heap is
#     placed in the first 4GB address space. The Java Heap base address is the
#     maximum limit for the native heap growth. Please use -XX:HeapBaseMinAddress
#     to set the Java Heap base and to place the Java Heap above 4GB virtual address.
# This output file may be truncated or incomplete.
#
#  Out of Memory Error (./open/src/hotspot/os/windows/os_windows.cpp:3287), pid=19232, tid=5296
#
# JRE version: Java(TM) SE Runtime Environment 18.9 (11.0.15+8) (build 11.0.15+8-LTS-149)
# Java VM: Java HotSpot(TM) 64-Bit Server VM 18.9 (11.0.15+8-LTS-149, mixed mode, tiered, compressed oops, g1 gc, windows-amd64)
# No core dump will be written. Minidumps are not enabled by default on client versions of Windows
#

---------------  S U M M A R Y ------------

Command Line: -ea -Duser.language=en -Didea.test.cyclic.buffer.size=1048576 -javaagent:C:\Program Files\JetBrains\IntelliJ IDEA Community Edition 2022.1.1\lib\idea_rt.jar=51021:C:\Program Files\JetBrains\IntelliJ IDEA Community Edition 2022.1.1\bin -Dfile.encoding=UTF-8 com.intellij.rt.junit.JUnitStarter -ideVersion5 -junit4 get_request.Get05,name

Host: Intel(R) Core(TM) i5-4200U CPU @ 1.60GHz, 4 cores, 7G,  Windows 10 , 64 bit Build 19041 (10.0.19041.1889)
Time: Wed Oct 26 22:42:10 2022 Turkey Standard Time elapsed time: 3.351986 seconds (0d 0h 0m 3s)

---------------  T H R E A D  ---------------

Current thread (0x000001e3e6d8b800):  VMThread "VM Thread" [stack: 0x000000b0a3100000,0x000000b0a3200000] [id=5296]

Stack: [0x000000b0a3100000,0x000000b0a3200000]
[error occurred during error reporting (printing stack bounds), id 0xc0000005, EXCEPTION_ACCESS_VIOLATION (0xc0000005) at pc=0x000001e3d0600f2d]

Native frames: (J=compiled Java code, j=interpreted, Vv=VM code, C=native code)
V  [jvm.dll+0x629d8a]
V  [jvm.dll+0x7638ff]
V  [jvm.dll+0x764fa9]
V  [jvm.dll+0x765595]
V  [jvm.dll+0x76554b]
V  [jvm.dll+0x629273]
V  [jvm.dll+0x629988]
C  [ntdll.dll+0xa241f]
C  [ntdll.dll+0x514a4]
C  [ntdll.dll+0xa0f4e]
C  0x000001e3d0600f2d

VM_Operation (0x000000b0a38fe500): CollectForMetadataAllocation, mode: safepoint, requested by thread 0x000001e3e6db6800


---------------  P R O C E S S  ---------------

Threads class SMR info:
_java_thread_list=0x000001e3e9375b20, length=15, elements={
0x000001e3c7778000, 0x000001e3e6d90000, 0x000001e3e6d9a000, 0x000001e3e7732800,
0x000001e3e6da5800, 0x000001e3e6da7800, 0x000001e3e6dad800, 0x000001e3e6db6800,
0x000001e3e6dbc000, 0x000001e3e7871000, 0x000001e3e7997000, 0x000001e3e8a97000,
0x000001e3e89b7800, 0x000001e3e968b800, 0x000001e3e8ff3800
}

Java Threads: ( => current thread )
  0x000001e3c7778000 JavaThread "main" [_thread_blocked, id=15468, stack(0x000000b0a2b00000,0x000000b0a2c00000)]
  0x000001e3e6d90000 JavaThread "Reference Handler" daemon [_thread_blocked, id=7816, stack(0x000000b0a3200000,0x000000b0a3300000)]
  0x000001e3e6d9a000 JavaThread "Finalizer" daemon [_thread_blocked, id=17168, stack(0x000000b0a3300000,0x000000b0a3400000)]
  0x000001e3e7732800 JavaThread "Signal Dispatcher" daemon [_thread_blocked, id=12788, stack(0x000000b0a3400000,0x000000b0a3500000)]
  0x000001e3e6da5800 JavaThread "Attach Listener" daemon [_thread_blocked, id=18520, stack(0x000000b0a3500000,0x000000b0a3600000)]
  0x000001e3e6da7800 JavaThread "Service Thread" daemon [_thread_blocked, id=9412, stack(0x000000b0a3600000,0x000000b0a3700000)]
  0x000001e3e6dad800 JavaThread "C2 CompilerThread0" daemon [_thread_in_native, id=9140, stack(0x000000b0a3700000,0x000000b0a3800000)]
  0x000001e3e6db6800 JavaThread "C1 CompilerThread0" daemon [_thread_blocked, id=19312, stack(0x000000b0a3800000,0x000000b0a3900000)]
  0x000001e3e6dbc000 JavaThread "Sweeper thread" daemon [_thread_blocked, id=19948, stack(0x000000b0a3900000,0x000000b0a3a00000)]
  0x000001e3e7871000 JavaThread "Common-Cleaner" daemon [_thread_blocked, id=10736, stack(0x000000b0a3a00000,0x000000b0a3b00000)]
  0x000001e3e7997000 JavaThread "Monitor Ctrl-Break" daemon [_thread_in_native, id=12968, stack(0x000000b0a3c00000,0x000000b0a3d00000)]
  0x000001e3e8a97000 JavaThread "ForkJoinPool.commonPool-worker-3" daemon [_thread_blocked, id=16960, stack(0x000000b0a4100000,0x000000b0a4200000)]
  0x000001e3e89b7800 JavaThread "ForkJoinPool.commonPool-worker-5" daemon [_thread_blocked, id=6428, stack(0x000000b0a4200000,0x000000b0a4300000)]
  0x000001e3e968b800 JavaThread "ForkJoinPool.commonPool-worker-7" daemon [_thread_blocked, id=8224, stack(0x000000b0a4300000,0x000000b0a4400000)]
  0x000001e3e8ff3800 JavaThread "C2 CompilerThread1" daemon [_thread_blocked, id=8288, stack(0x000000b0a3b00000,0x000000b0a3c00000)]

Other Threads:
=>0x000001e3e6d8b800 VMThread "VM Thread" [stack: 0x000000b0a3100000,0x000000b0a3200000] [id=5296]
  0x000001e3e7a46800 WatcherThread [stack: 0x000000b0a3d00000,0x000000b0a3e00000] [id=10484]
  0x000001e3c778f800 GCTaskThread "GC Thread#0" [stack: 0x000000b0a2c00000,0x000000b0a2d00000] [id=16296]
  0x000001e3e82b3800 GCTaskThread "GC Thread#1" [stack: 0x000000b0a3e00000,0x000000b0a3f00000] [id=7596]
  0x000001e3e801b800 GCTaskThread "GC Thread#2" [stack: 0x000000b0a3f00000,0x000000b0a4000000] [id=3432]
  0x000001e3c77bf000 ConcurrentGCThread "G1 Main Marker" [stack: 0x000000b0a2d00000,0x000000b0a2e00000] [id=1080]
  0x000001e3c77c0800 ConcurrentGCThread "G1 Conc#0" [stack: 0x000000b0a2e00000,0x000000b0a2f00000] [id=9288]
  0x000001e3c7851000 ConcurrentGCThread "G1 Refine#0" [stack: 0x000000b0a2f00000,0x000000b0a3000000] [id=13932]
  0x000001e3e7a95800 ConcurrentGCThread "G1 Refine#1" [stack: 0x000000b0a4000000,0x000000b0a4100000] [id=1164]
  0x000001e3c7852000 ConcurrentGCThread "G1 Young RemSet Sampling" [stack: 0x000000b0a3000000,0x000000b0a3100000] [id=18064]

Threads with active compile tasks:
C2 CompilerThread0   3375 2320       4       jdk.internal.jimage.ImageLocation::getFullName (109 bytes)
C1 CompilerThread0   3375 2333       3       java.util.stream.Collectors::toSet (26 bytes)
C2 CompilerThread1   3375 2322       4       java.util.regex.Pattern::compile (498 bytes)

VM state:at safepoint (normal execution)

VM Mutex/Monitor currently owned by a thread:  ([mutex/lock_event])
[0x000001e3c7775130] Threads_lock - owner thread: 0x000001e3e6d8b800
[0x000001e3c7775370] Heap_lock - owner thread: 0x000001e3e6db6800
[0x000001e3c7774f80] MethodData_lock - owner thread: 0x000001e3e6db6800

Heap address: 0x0000000081c00000, size: 2020 MB, Compressed Oops mode: 32-bit
Narrow klass base: 0x0000000000000000, Narrow klass shift: 3
Compressed class space size: 1073741824 Address: 0x0000000100000000

Heap:
 garbage-first heap   total 157696K, used 14906K [0x0000000081c00000, 0x0000000100000000)
  region size 1024K, 4 young (4096K), 4 survivors (4096K)
 Metaspace       used 20489K, capacity 21172K, committed 21296K, reserved 1069056K
  class space    used 2063K, capacity 2371K, committed 2432K, reserved 1048576K
Heap Regions: E=young(eden), S=young(survivor), O=old, HS=humongous(starts), HC=humongous(continues), CS=collection set, F=free, A=archive, TAMS=top-at-mark-start (previous, next)
|   0|0x0000000081c00000, 0x0000000081d00000, 0x0000000081d00000|100%| O|  |TAMS 0x0000000081c00000, 0x0000000081d00000| Untracked 
|   1|0x0000000081d00000, 0x0000000081e00000, 0x0000000081e00000|100%| O|  |TAMS 0x0000000081d00000, 0x0000000081e00000| Untracked 
|   2|0x0000000081e00000, 0x0000000081f00000, 0x0000000081f00000|100%| O|  |TAMS 0x0000000081e00000, 0x0000000081f00000| Untracked 
|   3|0x0000000081f00000, 0x0000000082000000, 0x0000000082000000|100%| O|  |TAMS 0x0000000081f00000, 0x0000000082000000| Untracked 
|   4|0x0000000082000000, 0x0000000082100000, 0x0000000082100000|100%| O|  |TAMS 0x0000000082000000, 0x0000000082100000| Untracked 
|   5|0x0000000082100000, 0x0000000082200000, 0x0000000082200000|100%| O|  |TAMS 0x0000000082100000, 0x0000000082200000| Untracked 
|   6|0x0000000082200000, 0x0000000082300000, 0x0000000082300000|100%| O|  |TAMS 0x0000000082200000, 0x0000000082300000| Untracked 
|   7|0x0000000082300000, 0x0000000082400000, 0x0000000082400000|100%| O|  |TAMS 0x0000000082300000, 0x0000000082400000| Untracked 
|   8|0x0000000082400000, 0x0000000082500000, 0x0000000082500000|100%| O|  |TAMS 0x0000000082400000, 0x0000000082500000| Untracked 
|   9|0x0000000082500000, 0x0000000082600000, 0x0000000082600000|100%| O|  |TAMS 0x0000000082500000, 0x0000000082600000| Untracked 
|  10|0x0000000082600000, 0x00000000826fbe00, 0x0000000082700000| 98%| O|  |TAMS 0x0000000082600000, 0x00000000826fbe00| Untracked 
|  11|0x0000000082700000, 0x0000000082700000, 0x0000000082800000|  0%| F|  |TAMS 0x0000000082700000, 0x0000000082700000| Untracked 
|  12|0x0000000082800000, 0x0000000082800000, 0x0000000082900000|  0%| F|  |TAMS 0x0000000082800000, 0x0000000082800000| Untracked 
|  13|0x0000000082900000, 0x0000000082900000, 0x0000000082a00000|  0%| F|  |TAMS 0x0000000082900000, 0x0000000082900000| Untracked 
|  14|0x0000000082a00000, 0x0000000082a00000, 0x0000000082b00000|  0%| F|  |TAMS 0x0000000082a00000, 0x0000000082a00000| Untracked 
|  15|0x0000000082b00000, 0x0000000082b00000, 0x0000000082c00000|  0%| F|  |TAMS 0x0000000082b00000, 0x0000000082b00000| Untracked 
|  16|0x0000000082c00000, 0x0000000082c00000, 0x0000000082d00000|  0%| F|  |TAMS 0x0000000082c00000, 0x0000000082c00000| Untracked 
|  17|0x0000000082d00000, 0x0000000082d00000, 0x0000000082e00000|  0%| F|  |TAMS 0x0000000082d00000, 0x0000000082d00000| Untracked 
|  18|0x0000000082e00000, 0x0000000082e00000, 0x0000000082f00000|  0%| F|  |TAMS 0x0000000082e00000, 0x0000000082e00000| Untracked 
|  19|0x0000000082f00000, 0x0000000082f00000, 0x0000000083000000|  0%| F|  |TAMS 0x0000000082f00000, 0x0000000082f00000| Untracked 
|  20|0x0000000083000000, 0x0000000083000000, 0x0000000083100000|  0%| F|  |TAMS 0x0000000083000000, 0x0000000083000000| Untracked 
|  21|0x0000000083100000, 0x0000000083100000, 0x0000000083200000|  0%| F|  |TAMS 0x0000000083100000, 0x0000000083100000| Untracked 
|  22|0x0000000083200000, 0x0000000083200000, 0x0000000083300000|  0%| F|  |TAMS 0x0000000083200000, 0x0000000083200000| Untracked 
|  23|0x0000000083300000, 0x0000000083300000, 0x0000000083400000|  0%| F|  |TAMS 0x0000000083300000, 0x0000000083300000| Untracked 
|  24|0x0000000083400000, 0x0000000083400000, 0x0000000083500000|  0%| F|  |TAMS 0x0000000083400000, 0x0000000083400000| Untracked 
|  25|0x0000000083500000, 0x0000000083500000, 0x0000000083600000|  0%| F|  |TAMS 0x0000000083500000, 0x0000000083500000| Untracked 
|  26|0x0000000083600000, 0x0000000083600000, 0x0000000083700000|  0%| F|  |TAMS 0x0000000083600000, 0x0000000083600000| Untracked 
|  27|0x0000000083700000, 0x0000000083700000, 0x0000000083800000|  0%| F|  |TAMS 0x0000000083700000, 0x0000000083700000| Untracked 
|  28|0x0000000083800000, 0x0000000083800000, 0x0000000083900000|  0%| F|  |TAMS 0x0000000083800000, 0x0000000083800000| Untracked 
|  29|0x0000000083900000, 0x0000000083900000, 0x0000000083a00000|  0%| F|  |TAMS 0x0000000083900000, 0x0000000083900000| Untracked 
|  30|0x0000000083a00000, 0x0000000083a00000, 0x0000000083b00000|  0%| F|  |TAMS 0x0000000083a00000, 0x0000000083a00000| Untracked 
|  31|0x0000000083b00000, 0x0000000083b00000, 0x0000000083c00000|  0%| F|  |TAMS 0x0000000083b00000, 0x0000000083b00000| Untracked 
|  32|0x0000000083c00000, 0x0000000083c00000, 0x0000000083d00000|  0%| F|  |TAMS 0x0000000083c00000, 0x0000000083c00000| Untracked 
|  33|0x0000000083d00000, 0x0000000083d00000, 0x0000000083e00000|  0%| F|  |TAMS 0x0000000083d00000, 0x0000000083d00000| Untracked 
|  34|0x0000000083e00000, 0x0000000083e00000, 0x0000000083f00000|  0%| F|  |TAMS 0x0000000083e00000, 0x0000000083e00000| Untracked 
|  35|0x0000000083f00000, 0x0000000083f00000, 0x0000000084000000|  0%| F|  |TAMS 0x0000000083f00000, 0x0000000083f00000| Untracked 
|  36|0x0000000084000000, 0x0000000084000000, 0x0000000084100000|  0%| F|  |TAMS 0x0000000084000000, 0x0000000084000000| Untracked 
|  37|0x0000000084100000, 0x0000000084100000, 0x0000000084200000|  0%| F|  |TAMS 0x0000000084100000, 0x0000000084100000| Untracked 
|  38|0x0000000084200000, 0x0000000084200000, 0x0000000084300000|  0%| F|  |TAMS 0x0000000084200000, 0x0000000084200000| Untracked 
|  39|0x0000000084300000, 0x0000000084300000, 0x0000000084400000|  0%| F|  |TAMS 0x0000000084300000, 0x0000000084300000| Untracked 
|  40|0x0000000084400000, 0x0000000084400000, 0x0000000084500000|  0%| F|  |TAMS 0x0000000084400000, 0x0000000084400000| Untracked 
|  41|0x0000000084500000, 0x0000000084500000, 0x0000000084600000|  0%| F|  |TAMS 0x0000000084500000, 0x0000000084500000| Untracked 
|  42|0x0000000084600000, 0x0000000084600000, 0x0000000084700000|  0%| F|  |TAMS 0x0000000084600000, 0x0000000084600000| Untracked 
|  43|0x0000000084700000, 0x0000000084700000, 0x0000000084800000|  0%| F|  |TAMS 0x0000000084700000, 0x0000000084700000| Untracked 
|  44|0x0000000084800000, 0x0000000084800000, 0x0000000084900000|  0%| F|  |TAMS 0x0000000084800000, 0x0000000084800000| Untracked 
|  45|0x0000000084900000, 0x0000000084900000, 0x0000000084a00000|  0%| F|  |TAMS 0x0000000084900000, 0x0000000084900000| Untracked 
|  46|0x0000000084a00000, 0x0000000084a00000, 0x0000000084b00000|  0%| F|  |TAMS 0x0000000084a00000, 0x0000000084a00000| Untracked 
|  47|0x0000000084b00000, 0x0000000084b00000, 0x0000000084c00000|  0%| F|  |TAMS 0x0000000084b00000, 0x0000000084b00000| Untracked 
|  48|0x0000000084c00000, 0x0000000084c00000, 0x0000000084d00000|  0%| F|  |TAMS 0x0000000084c00000, 0x0000000084c00000| Untracked 
|  49|0x0000000084d00000, 0x0000000084d00000, 0x0000000084e00000|  0%| F|  |TAMS 0x0000000084d00000, 0x0000000084d00000| Untracked 
|  50|0x0000000084e00000, 0x0000000084e00000, 0x0000000084f00000|  0%| F|  |TAMS 0x0000000084e00000, 0x0000000084e00000| Untracked 
|  51|0x0000000084f00000, 0x0000000084f00000, 0x0000000085000000|  0%| F|  |TAMS 0x0000000084f00000, 0x0000000084f00000| Untracked 
|  52|0x0000000085000000, 0x0000000085000000, 0x0000000085100000|  0%| F|  |TAMS 0x0000000085000000, 0x0000000085000000| Untracked 
|  53|0x0000000085100000, 0x0000000085100000, 0x0000000085200000|  0%| F|  |TAMS 0x0000000085100000, 0x0000000085100000| Untracked 
|  54|0x0000000085200000, 0x0000000085200000, 0x0000000085300000|  0%| F|  |TAMS 0x0000000085200000, 0x0000000085200000| Untracked 
|  55|0x0000000085300000, 0x0000000085300000, 0x0000000085400000|  0%| F|  |TAMS 0x0000000085300000, 0x0000000085300000| Untracked 
|  56|0x0000000085400000, 0x0000000085400000, 0x0000000085500000|  0%| F|  |TAMS 0x0000000085400000, 0x0000000085400000| Untracked 
|  57|0x0000000085500000, 0x0000000085500000, 0x0000000085600000|  0%| F|  |TAMS 0x0000000085500000, 0x0000000085500000| Untracked 
|  58|0x0000000085600000, 0x0000000085600000, 0x0000000085700000|  0%| F|  |TAMS 0x0000000085600000, 0x0000000085600000| Untracked 
|  59|0x0000000085700000, 0x0000000085700000, 0x0000000085800000|  0%| F|  |TAMS 0x0000000085700000, 0x0000000085700000| Untracked 
|  60|0x0000000085800000, 0x0000000085800000, 0x0000000085900000|  0%| F|  |TAMS 0x0000000085800000, 0x0000000085800000| Untracked 
|  61|0x0000000085900000, 0x0000000085900000, 0x0000000085a00000|  0%| F|  |TAMS 0x0000000085900000, 0x0000000085900000| Untracked 
|  62|0x0000000085a00000, 0x0000000085a00000, 0x0000000085b00000|  0%| F|  |TAMS 0x0000000085a00000, 0x0000000085a00000| Untracked 
|  63|0x0000000085b00000, 0x0000000085b00000, 0x0000000085c00000|  0%| F|  |TAMS 0x0000000085b00000, 0x0000000085b00000| Untracked 
|  64|0x0000000085c00000, 0x0000000085c00000, 0x0000000085d00000|  0%| F|  |TAMS 0x0000000085c00000, 0x0000000085c00000| Untracked 
|  65|0x0000000085d00000, 0x0000000085d00000, 0x0000000085e00000|  0%| F|  |TAMS 0x0000000085d00000, 0x0000000085d00000| Untracked 
|  66|0x0000000085e00000, 0x0000000085e00000, 0x0000000085f00000|  0%| F|  |TAMS 0x0000000085e00000, 0x0000000085e00000| Untracked 
|  67|0x0000000085f00000, 0x0000000085f00000, 0x0000000086000000|  0%| F|  |TAMS 0x0000000085f00000, 0x0000000085f00000| Untracked 
|  68|0x0000000086000000, 0x0000000086000000, 0x0000000086100000|  0%| F|  |TAMS 0x0000000086000000, 0x0000000086000000| Untracked 
|  69|0x0000000086100000, 0x0000000086100000, 0x0000000086200000|  0%| F|  |TAMS 0x0000000086100000, 0x0000000086100000| Untracked 
|  70|0x0000000086200000, 0x0000000086200000, 0x0000000086300000|  0%| F|  |TAMS 0x0000000086200000, 0x0000000086200000| Untracked 
|  71|0x0000000086300000, 0x0000000086300000, 0x0000000086400000|  0%| F|  |TAMS 0x0000000086300000, 0x0000000086300000| Untracked 
|  72|0x0000000086400000, 0x0000000086400000, 0x0000000086500000|  0%| F|  |TAMS 0x0000000086400000, 0x0000000086400000| Untracked 
|  73|0x0000000086500000, 0x0000000086500000, 0x0000000086600000|  0%| F|  |TAMS 0x0000000086500000, 0x0000000086500000| Untracked 
|  74|0x0000000086600000, 0x0000000086600000, 0x0000000086700000|  0%| F|  |TAMS 0x0000000086600000, 0x0000000086600000| Untracked 
|  75|0x0000000086700000, 0x0000000086700000, 0x0000000086800000|  0%| F|  |TAMS 0x0000000086700000, 0x0000000086700000| Untracked 
|  76|0x0000000086800000, 0x0000000086800000, 0x0000000086900000|  0%| F|  |TAMS 0x0000000086800000, 0x0000000086800000| Untracked 
|  77|0x0000000086900000, 0x0000000086900000, 0x0000000086a00000|  0%| F|  |TAMS 0x0000000086900000, 0x0000000086900000| Untracked 
|  78|0x0000000086a00000, 0x0000000086a00000, 0x0000000086b00000|  0%| F|  |TAMS 0x0000000086a00000, 0x0000000086a00000| Untracked 
|  79|0x0000000086b00000, 0x0000000086b00000, 0x0000000086c00000|  0%| F|  |TAMS 0x0000000086b00000, 0x0000000086b00000| Untracked 
|  80|0x0000000086c00000, 0x0000000086c00000, 0x0000000086d00000|  0%| F|  |TAMS 0x0000000086c00000, 0x0000000086c00000| Untracked 
|  81|0x0000000086d00000, 0x0000000086d00000, 0x0000000086e00000|  0%| F|  |TAMS 0x0000000086d00000, 0x0000000086d00000| Untracked 
|  82|0x0000000086e00000, 0x0000000086e00000, 0x0000000086f00000|  0%| F|  |TAMS 0x0000000086e00000, 0x0000000086e00000| Untracked 
|  83|0x0000000086f00000, 0x0000000086f00000, 0x0000000087000000|  0%| F|  |TAMS 0x0000000086f00000, 0x0000000086f00000| Untracked 
|  84|0x0000000087000000, 0x0000000087000000, 0x0000000087100000|  0%| F|  |TAMS 0x0000000087000000, 0x0000000087000000| Untracked 
|  85|0x0000000087100000, 0x0000000087100000, 0x0000000087200000|  0%| F|  |TAMS 0x0000000087100000, 0x0000000087100000| Untracked 
|  86|0x0000000087200000, 0x0000000087200000, 0x0000000087300000|  0%| F|  |TAMS 0x0000000087200000, 0x0000000087200000| Untracked 
|  87|0x0000000087300000, 0x0000000087300000, 0x0000000087400000|  0%| F|  |TAMS 0x0000000087300000, 0x0000000087300000| Untracked 
|  88|0x0000000087400000, 0x0000000087400000, 0x0000000087500000|  0%| F|  |TAMS 0x0000000087400000, 0x0000000087400000| Untracked 
|  89|0x0000000087500000, 0x0000000087500000, 0x0000000087600000|  0%| F|  |TAMS 0x0000000087500000, 0x0000000087500000| Untracked 
|  90|0x0000000087600000, 0x0000000087600000, 0x0000000087700000|  0%| F|  |TAMS 0x0000000087600000, 0x0000000087600000| Untracked 
|  91|0x0000000087700000, 0x0000000087700000, 0x0000000087800000|  0%| F|  |TAMS 0x0000000087700000, 0x0000000087700000| Untracked 
|  92|0x0000000087800000, 0x0000000087800000, 0x0000000087900000|  0%| F|  |TAMS 0x0000000087800000, 0x0000000087800000| Untracked 
|  93|0x0000000087900000, 0x0000000087900000, 0x0000000087a00000|  0%| F|  |TAMS 0x0000000087900000, 0x0000000087900000| Untracked 
|  94|0x0000000087a00000, 0x0000000087a00000, 0x0000000087b00000|  0%| F|  |TAMS 0x0000000087a00000, 0x0000000087a00000| Untracked 
|  95|0x0000000087b00000, 0x0000000087b00000, 0x0000000087c00000|  0%| F|  |TAMS 0x0000000087b00000, 0x0000000087b00000| Untracked 
|  96|0x0000000087c00000, 0x0000000087c00000, 0x0000000087d00000|  0%| F|  |TAMS 0x0000000087c00000, 0x0000000087c00000| Untracked 
|  97|0x0000000087d00000, 0x0000000087d00000, 0x0000000087e00000|  0%| F|  |TAMS 0x0000000087d00000, 0x0000000087d00000| Untracked 
|  98|0x0000000087e00000, 0x0000000087e00000, 0x0000000087f00000|  0%| F|  |TAMS 0x0000000087e00000, 0x0000000087e00000| Untracked 
|  99|0x0000000087f00000, 0x0000000087f00000, 0x0000000088000000|  0%| F|  |TAMS 0x0000000087f00000, 0x0000000087f00000| Untracked 
| 100|0x0000000088000000, 0x0000000088000000, 0x0000000088100000|  0%| F|  |TAMS 0x0000000088000000, 0x0000000088000000| Untracked 
| 101|0x0000000088100000, 0x0000000088100000, 0x0000000088200000|  0%| F|  |TAMS 0x0000000088100000, 0x0000000088100000| Untracked 
| 102|0x0000000088200000, 0x0000000088200000, 0x0000000088300000|  0%| F|  |TAMS 0x0000000088200000, 0x0000000088200000| Untracked 
| 103|0x0000000088300000, 0x0000000088300000, 0x0000000088400000|  0%| F|  |TAMS 0x0000000088300000, 0x0000000088300000| Untracked 
| 104|0x0000000088400000, 0x0000000088492af0, 0x0000000088500000| 57%| S|CS|TAMS 0x0000000088400000, 0x0000000088400000| Complete 
| 105|0x0000000088500000, 0x0000000088600000, 0x0000000088600000|100%| S|CS|TAMS 0x0000000088500000, 0x0000000088500000| Complete 
| 106|0x0000000088600000, 0x0000000088700000, 0x0000000088700000|100%| S|CS|TAMS 0x0000000088600000, 0x0000000088600000| Complete 
| 107|0x0000000088700000, 0x0000000088800000, 0x0000000088800000|100%| S|CS|TAMS 0x0000000088700000, 0x0000000088700000| Complete 
| 108|0x0000000088800000, 0x0000000088800000, 0x0000000088900000|  0%| F|  |TAMS 0x0000000088800000, 0x0000000088800000| Untracked 
| 109|0x0000000088900000, 0x0000000088900000, 0x0000000088a00000|  0%| F|  |TAMS 0x0000000088900000, 0x0000000088900000| Untracked 
| 110|0x0000000088a00000, 0x0000000088a00000, 0x0000000088b00000|  0%| F|  |TAMS 0x0000000088a00000, 0x0000000088a00000| Untracked 
| 111|0x0000000088b00000, 0x0000000088b00000, 0x0000000088c00000|  0%| F|  |TAMS 0x0000000088b00000, 0x0000000088b00000| Untracked 
| 112|0x0000000088c00000, 0x0000000088c00000, 0x0000000088d00000|  0%| F|  |TAMS 0x0000000088c00000, 0x0000000088c00000| Untracked 
| 113|0x0000000088d00000, 0x0000000088d00000, 0x0000000088e00000|  0%| F|  |TAMS 0x0000000088d00000, 0x0000000088d00000| Untracked 
| 114|0x0000000088e00000, 0x0000000088e00000, 0x0000000088f00000|  0%| F|  |TAMS 0x0000000088e00000, 0x0000000088e00000| Untracked 
| 115|0x0000000088f00000, 0x0000000088f00000, 0x0000000089000000|  0%| F|  |TAMS 0x0000000088f00000, 0x0000000088f00000| Untracked 
| 116|0x0000000089000000, 0x0000000089000000, 0x0000000089100000|  0%| F|  |TAMS 0x0000000089000000, 0x0000000089000000| Untracked 
| 117|0x0000000089100000, 0x0000000089100000, 0x0000000089200000|  0%| F|  |TAMS 0x0000000089100000, 0x0000000089100000| Untracked 
| 118|0x0000000089200000, 0x0000000089200000, 0x0000000089300000|  0%| F|  |TAMS 0x0000000089200000, 0x0000000089200000| Untracked 
| 119|0x0000000089300000, 0x0000000089300000, 0x0000000089400000|  0%| F|  |TAMS 0x0000000089300000, 0x0000000089300000| Untracked 
| 120|0x0000000089400000, 0x0000000089400000, 0x0000000089500000|  0%| F|  |TAMS 0x0000000089400000, 0x0000000089400000| Untracked 
| 121|0x0000000089500000, 0x0000000089500000, 0x0000000089600000|  0%| F|  |TAMS 0x0000000089500000, 0x0000000089500000| Untracked 
| 122|0x0000000089600000, 0x0000000089600000, 0x0000000089700000|  0%| F|  |TAMS 0x0000000089600000, 0x0000000089600000| Untracked 
| 123|0x0000000089700000, 0x0000000089700000, 0x0000000089800000|  0%| F|  |TAMS 0x0000000089700000, 0x0000000089700000| Untracked 
| 124|0x0000000089800000, 0x0000000089800000, 0x0000000089900000|  0%| F|  |TAMS 0x0000000089800000, 0x0000000089800000| Untracked 
| 125|0x0000000089900000, 0x0000000089900000, 0x0000000089a00000|  0%| F|  |TAMS 0x0000000089900000, 0x0000000089900000| Untracked 
| 126|0x0000000089a00000, 0x0000000089a00000, 0x0000000089b00000|  0%| F|  |TAMS 0x0000000089a00000, 0x0000000089a00000| Untracked 
| 127|0x0000000089b00000, 0x0000000089b00000, 0x0000000089c00000|  0%| F|  |TAMS 0x0000000089b00000, 0x0000000089b00000| Untracked 

Card table byte_map: [0x000001e3e0030000,0x000001e3e0430000] _byte_map_base: 0x000001e3dfc22000

Marking Bits (Prev, Next): (CMBitMap*) 0x000001e3c77b66d8, (CMBitMap*) 0x000001e3c77b6710
 Prev Bits: [0x000001e3e0830000, 0x000001e3e27c0000)
 Next Bits: [0x000001e3e27c0000, 0x000001e3e4750000)

Polling page: 0x000001e3d05e0000

Metaspace:

Usage:
  Non-class:     18.36 MB capacity,    17.99 MB ( 98%) used,   325.59 KB (  2%) free+waste,    49.69 KB ( <1%) overhead. 
      Class:      2.32 MB capacity,     2.02 MB ( 87%) used,   281.95 KB ( 12%) free+waste,    25.19 KB (  1%) overhead. 
       Both:     20.68 MB capacity,    20.01 MB ( 97%) used,   607.55 KB (  3%) free+waste,    74.88 KB ( <1%) overhead. 

Virtual space:
  Non-class space:       20.00 MB reserved,      18.42 MB ( 92%) committed 
      Class space:        1.00 GB reserved,       2.38 MB ( <1%) committed 
             Both:        1.02 GB reserved,      20.80 MB (  2%) committed 

Chunk freelists:
   Non-Class:  1.88 KB
       Class:  0 bytes
        Both:  1.88 KB

CodeHeap 'non-profiled nmethods': size=120064Kb used=803Kb max_used=803Kb free=119260Kb
 bounds [0x000001e3d80c0000, 0x000001e3d8330000, 0x000001e3df600000]
CodeHeap 'profiled nmethods': size=120000Kb used=4581Kb max_used=4581Kb free=115418Kb
 bounds [0x000001e3d0b90000, 0x000001e3d1010000, 0x000001e3d80c0000]
CodeHeap 'non-nmethods': size=5696Kb used=2154Kb max_used=2186Kb free=3541Kb
 bounds [0x000001e3d0600000, 0x000001e3d0870000, 0x000001e3d0b90000]
 total_blobs=3020 nmethods=2324 adapters=607
 compilation: enabled
              stopped_count=0, restarted_count=0
 full_count=0

Compilation events (10 events):
Event: 3.325 Thread 0x000001e3e6db6800 nmethod 2329 0x000001e3d1007b90 code [0x000001e3d1007d60, 0x000001e3d1008178]
Event: 3.325 Thread 0x000001e3e6db6800 2330       3       java.util.stream.ReduceOps$3ReducingSink::begin (14 bytes)
Event: 3.326 Thread 0x000001e3e6db6800 nmethod 2330 0x000001e3d1008310 code [0x000001e3d10084c0, 0x000001e3d10086e8]
Event: 3.326 Thread 0x000001e3e6db6800 2331       3       java.util.RegularEnumSet::contains (57 bytes)
Event: 3.326 Thread 0x000001e3e6db6800 nmethod 2331 0x000001e3d1008790 code [0x000001e3d1008960, 0x000001e3d1008d28]
Event: 3.326 Thread 0x000001e3e8ff3800 nmethod 2316 0x000001e3d8187710 code [0x000001e3d8187900, 0x000001e3d81885f8]
Event: 3.326 Thread 0x000001e3e6db6800 2332       3       org.codehaus.groovy.vmplugin.v9.Java9$$Lambda$212/0x0000000100250440::test (12 bytes)
Event: 3.326 Thread 0x000001e3e8ff3800 2322       4       java.util.regex.Pattern::compile (498 bytes)
Event: 3.327 Thread 0x000001e3e6db6800 nmethod 2332 0x000001e3d1008e90 code [0x000001e3d1009040, 0x000001e3d1009348]
Event: 3.333 Thread 0x000001e3e6db6800 2333       3       java.util.stream.Collectors::toSet (26 bytes)

GC Heap History (9 events):
Event: 1.204 GC heap before
{Heap before GC invocations=0 (full 0):
 garbage-first heap   total 131072K, used 16384K [0x0000000081c00000, 0x0000000100000000)
  region size 1024K, 14 young (14336K), 0 survivors (0K)
 Metaspace       used 12375K, capacity 12560K, committed 12800K, reserved 1060864K
  class space    used 1097K, capacity 1166K, committed 1280K, reserved 1048576K
}
Event: 1.216 GC heap after
{Heap after GC invocations=1 (full 0):
 garbage-first heap   total 131072K, used 3762K [0x0000000081c00000, 0x0000000100000000)
  region size 1024K, 2 young (2048K), 2 survivors (2048K)
 Metaspace       used 12375K, capacity 12560K, committed 12800K, reserved 1060864K
  class space    used 1097K, capacity 1166K, committed 1280K, reserved 1048576K
}
Event: 1.433 GC heap before
{Heap before GC invocations=1 (full 0):
 garbage-first heap   total 131072K, used 7858K [0x0000000081c00000, 0x0000000100000000)
  region size 1024K, 6 young (6144K), 2 survivors (2048K)
 Metaspace       used 13364K, capacity 13582K, committed 13824K, reserved 1062912K
  class space    used 1198K, capacity 1277K, committed 1280K, reserved 1048576K
}
Event: 1.438 GC heap after
{Heap after GC invocations=2 (full 0):
 garbage-first heap   total 131072K, used 4427K [0x0000000081c00000, 0x0000000100000000)
  region size 1024K, 1 young (1024K), 1 survivors (1024K)
 Metaspace       used 13364K, capacity 13582K, committed 13824K, reserved 1062912K
  class space    used 1198K, capacity 1277K, committed 1280K, reserved 1048576K
}
Event: 2.268 GC heap before
{Heap before GC invocations=2 (full 0):
 garbage-first heap   total 131072K, used 20811K [0x0000000081c00000, 0x0000000100000000)
  region size 1024K, 18 young (18432K), 1 survivors (1024K)
 Metaspace       used 17067K, capacity 17414K, committed 17664K, reserved 1064960K
  class space    used 1637K, capacity 1749K, committed 1792K, reserved 1048576K
}
Event: 2.279 GC heap after
{Heap after GC invocations=3 (full 0):
 garbage-first heap   total 131072K, used 7719K [0x0000000081c00000, 0x0000000100000000)
  region size 1024K, 3 young (3072K), 3 survivors (3072K)
 Metaspace       used 17067K, capacity 17414K, committed 17664K, reserved 1064960K
  class space    used 1637K, capacity 1749K, committed 1792K, reserved 1048576K
}
Event: 3.028 GC heap before
{Heap before GC invocations=3 (full 0):
 garbage-first heap   total 131072K, used 31271K [0x0000000081c00000, 0x0000000100000000)
  region size 1024K, 26 young (26624K), 3 survivors (3072K)
 Metaspace       used 19573K, capacity 20215K, committed 20480K, reserved 1067008K
  class space    used 1990K, capacity 2286K, committed 2304K, reserved 1048576K
}
Event: 3.046 GC heap after
{Heap after GC invocations=4 (full 0):
 garbage-first heap   total 131072K, used 11179K [0x0000000081c00000, 0x0000000100000000)
  region size 1024K, 4 young (4096K), 4 survivors (4096K)
 Metaspace       used 19573K, capacity 20215K, committed 20480K, reserved 1067008K
  class space    used 1990K, capacity 2286K, committed 2304K, reserved 1048576K
}
Event: 3.334 GC heap before
{Heap before GC invocations=4 (full 0):
 garbage-first heap   total 131072K, used 30635K [0x0000000081c00000, 0x0000000100000000)
  region size 1024K, 24 young (24576K), 4 survivors (4096K)
 Metaspace       used 20489K, capacity 21172K, committed 21296K, reserved 1069056K
  class space    used 2063K, capacity 2371K, committed 2432K, reserved 1048576K
}

Deoptimization events (10 events):
Event: 1.737 Thread 0x000001e3c7778000 Uncommon trap: reason=predicate action=maybe_recompile pc=0x000001e3d810418c method=java.util.stream.ReferencePipeline.forEachWithCancel(Ljava/util/Spliterator;Ljava/util/stream/Sink;)Z @ 8 c2
Event: 2.059 Thread 0x000001e3c7778000 Uncommon trap: reason=bimorphic_or_optimized_type_check action=maybe_recompile pc=0x000001e3d80fcafc method=java.util.HashMap.putVal(ILjava/lang/Object;Ljava/lang/Object;ZZ)Ljava/lang/Object; @ 203 c2
Event: 2.256 Thread 0x000001e3c7778000 Uncommon trap: reason=unstable_if action=reinterpret pc=0x000001e3d810e7fc method=sun.net.www.ParseUtil.firstEncodeIndex(Ljava/lang/String;)I @ 51 c2
Event: 2.876 Thread 0x000001e3c7778000 Uncommon trap: reason=unstable_if action=reinterpret pc=0x000001e3d8152d60 method=com.sun.beans.introspect.MethodInfo$MethodOrder.compare(Ljava/lang/reflect/Method;Ljava/lang/reflect/Method;)I @ 124 c2
Event: 2.876 Thread 0x000001e3c7778000 Uncommon trap: reason=unstable_if action=reinterpret pc=0x000001e3d81540e4 method=com.sun.beans.introspect.MethodInfo$MethodOrder.compare(Ljava/lang/reflect/Method;Ljava/lang/reflect/Method;)I @ 124 c2
Event: 3.054 Thread 0x000001e3e8a97000 Uncommon trap: reason=bimorphic_or_optimized_type_check action=maybe_recompile pc=0x000001e3d8147dac method=java.util.stream.ReferencePipeline$2$1.accept(Ljava/lang/Object;)V @ 21 c2
Event: 3.060 Thread 0x000001e3e8a97000 Uncommon trap: reason=bimorphic_or_optimized_type_check action=maybe_recompile pc=0x000001e3d8147dac method=java.util.stream.ReferencePipeline$2$1.accept(Ljava/lang/Object;)V @ 21 c2
Event: 3.061 Thread 0x000001e3e8a97000 Uncommon trap: reason=bimorphic_or_optimized_type_check action=maybe_recompile pc=0x000001e3d8147dac method=java.util.stream.ReferencePipeline$2$1.accept(Ljava/lang/Object;)V @ 21 c2
Event: 3.062 Thread 0x000001e3e8a97000 Uncommon trap: reason=bimorphic_or_optimized_type_check action=maybe_recompile pc=0x000001e3d8147dac method=java.util.stream.ReferencePipeline$2$1.accept(Ljava/lang/Object;)V @ 21 c2
Event: 3.147 Thread 0x000001e3e89b7800 Uncommon trap: reason=class_check action=maybe_recompile pc=0x000001e3d80f12d8 method=java.io.BufferedInputStream.read([BII)I @ 101 c2

Classes redefined (0 events):
No events

Internal exceptions (10 events):
Event: 2.887 Thread 0x000001e3c7778000 Exception <a 'java/lang/ClassNotFoundException'{0x0000000088bed5c8}: java/net/URICustomizer> (0x0000000088bed5c8) thrown at [./open/src/hotspot/share/classfile/systemDictionary.cpp, line 226]
Event: 2.894 Thread 0x000001e3c7778000 Exception <a 'java/lang/ClassNotFoundException'{0x0000000088a26700}: java/lang/BooleanBeanInfo> (0x0000000088a26700) thrown at [./open/src/hotspot/share/classfile/systemDictionary.cpp, line 226]
Event: 2.894 Thread 0x000001e3c7778000 Exception <a 'java/lang/ClassNotFoundException'{0x0000000088a28428}: java/lang/BooleanCustomizer> (0x0000000088a28428) thrown at [./open/src/hotspot/share/classfile/systemDictionary.cpp, line 226]
Event: 2.900 Thread 0x000001e3c7778000 Exception <a 'java/lang/ClassNotFoundException'{0x0000000088a5bdf0}: groovy/lang/GString$1BeanInfo> (0x0000000088a5bdf0) thrown at [./open/src/hotspot/share/classfile/systemDictionary.cpp, line 226]
Event: 2.901 Thread 0x000001e3c7778000 Exception <a 'java/lang/ClassNotFoundException'{0x0000000088a6dec0}: groovy/lang/GStringBeanInfo> (0x0000000088a6dec0) thrown at [./open/src/hotspot/share/classfile/systemDictionary.cpp, line 226]
Event: 2.902 Thread 0x000001e3c7778000 Exception <a 'java/lang/ClassNotFoundException'{0x0000000088a80248}: groovy/lang/GStringCustomizer> (0x0000000088a80248) thrown at [./open/src/hotspot/share/classfile/systemDictionary.cpp, line 226]
Event: 2.904 Thread 0x000001e3c7778000 Exception <a 'java/lang/ClassNotFoundException'{0x0000000088a9bd10}: groovy/lang/GString$1Customizer> (0x0000000088a9bd10) thrown at [./open/src/hotspot/share/classfile/systemDictionary.cpp, line 226]
Event: 2.925 Thread 0x000001e3c7778000 Exception <a 'java/lang/ClassNotFoundException'{0x000000008853dfb0}: org/codehaus/groovy/runtime/GStringImplBeanInfo> (0x000000008853dfb0) thrown at [./open/src/hotspot/share/classfile/systemDictionary.cpp, line 226]
Event: 2.930 Thread 0x000001e3c7778000 Exception <a 'java/lang/ClassNotFoundException'{0x000000008849fb30}: org/codehaus/groovy/runtime/GStringImplCustomizer> (0x000000008849fb30) thrown at [./open/src/hotspot/share/classfile/systemDictionary.cpp, line 226]
Event: 3.027 Thread 0x000001e3e8a97000 Exception <a 'java/lang/NoSuchMethodError'{0x0000000088229020}: java.lang.invoke.DirectMethodHandle$Holder.invokeSpecial(Ljava/lang/Object;Ljava/lang/Object;Ljava/lang/Object;Ljava/lang/Object;)V> (0x0000000088229020) thrown at [./open/src/hotspot/share/i

Events (10 events):
Event: 3.168 loading class java/util/concurrent/TimeUnit$1 done
Event: 3.169 loading class java/nio/file/ClosedDirectoryStreamException
Event: 3.169 loading class java/nio/file/ClosedDirectoryStreamException done
Event: 3.247 loading class jdk/nio/zipfs/ZipFileSystem
Event: 3.247 loading class jdk/nio/zipfs/ZipFileSystem done
Event: 3.262 Executing VM operation: RevokeBias
Event: 3.263 Executing VM operation: RevokeBias done
Event: 3.265 Executing VM operation: RevokeBias
Event: 3.265 Executing VM operation: RevokeBias done
Event: 3.333 Executing VM operation: CollectForMetadataAllocation


Dynamic libraries:
0x00007ff73e190000 - 0x00007ff73e19f000 	C:\Program Files\Java\jdk-11.0.15\bin\java.exe
0x00007ff99da90000 - 0x00007ff99dc88000 	C:\WINDOWS\SYSTEM32\ntdll.dll
0x00007ff99bbe0000 - 0x00007ff99bc9d000 	C:\WINDOWS\System32\KERNEL32.DLL
0x00007ff99b340000 - 0x00007ff99b612000 	C:\WINDOWS\System32\KERNELBASE.dll
0x00007ff99b650000 - 0x00007ff99b750000 	C:\WINDOWS\System32\ucrtbase.dll
0x00007ff98b630000 - 0x00007ff98b648000 	C:\Program Files\Java\jdk-11.0.15\bin\jli.dll
0x00007ff99c580000 - 0x00007ff99c62e000 	C:\WINDOWS\System32\ADVAPI32.dll
0x00007ff99d7f0000 - 0x00007ff99d88e000 	C:\WINDOWS\System32\msvcrt.dll
0x00007ff99c400000 - 0x00007ff99c49c000 	C:\WINDOWS\System32\sechost.dll
0x00007ff99bca0000 - 0x00007ff99bdc5000 	C:\WINDOWS\System32\RPCRT4.dll
0x00007ff98abb0000 - 0x00007ff98abc5000 	C:\Program Files\Java\jdk-11.0.15\bin\VCRUNTIME140.dll
0x00007ff98a740000 - 0x00007ff98a9da000 	C:\WINDOWS\WinSxS\amd64_microsoft.windows.common-controls_6595b64144ccf1df_6.0.19041.1110_none_60b5254171f9507e\COMCTL32.dll
0x00007ff99c550000 - 0x00007ff99c57b000 	C:\WINDOWS\System32\GDI32.dll
0x00007ff99ba50000 - 0x00007ff99ba72000 	C:\WINDOWS\System32\win32u.dll
0x00007ff99b750000 - 0x00007ff99b85f000 	C:\WINDOWS\System32\gdi32full.dll
0x00007ff99c970000 - 0x00007ff99cb0d000 	C:\WINDOWS\System32\USER32.dll
0x00007ff99b1f0000 - 0x00007ff99b28d000 	C:\WINDOWS\System32\msvcp_win.dll
0x00007ff9936f0000 - 0x00007ff9936fa000 	C:\WINDOWS\SYSTEM32\VERSION.dll
0x00007ff99bf00000 - 0x00007ff99bf30000 	C:\WINDOWS\System32\IMM32.DLL
0x00007ff961f00000 - 0x00007ff961f9b000 	C:\Program Files\Java\jdk-11.0.15\bin\msvcp140.dll
0x00007ff935ed0000 - 0x00007ff9369e6000 	C:\Program Files\Java\jdk-11.0.15\bin\server\jvm.dll
0x00007ff99d350000 - 0x00007ff99d358000 	C:\WINDOWS\System32\PSAPI.DLL
0x00007ff984030000 - 0x00007ff984039000 	C:\WINDOWS\SYSTEM32\WSOCK32.dll
0x00007ff99c750000 - 0x00007ff99c7bb000 	C:\WINDOWS\System32\WS2_32.dll
0x00007ff990330000 - 0x00007ff990357000 	C:\WINDOWS\SYSTEM32\WINMM.dll
0x00007ff999060000 - 0x00007ff999072000 	C:\WINDOWS\SYSTEM32\kernel.appcore.dll
0x00007ff9900b0000 - 0x00007ff9900c0000 	C:\Program Files\Java\jdk-11.0.15\bin\verify.dll
0x00007ff986260000 - 0x00007ff986444000 	C:\WINDOWS\SYSTEM32\DBGHELP.DLL
0x00007ff9861f0000 - 0x00007ff98621c000 	C:\WINDOWS\SYSTEM32\dbgcore.DLL
0x00007ff99b860000 - 0x00007ff99b8e2000 	C:\WINDOWS\System32\bcryptPrimitives.dll
0x00007ff98aa20000 - 0x00007ff98aa48000 	C:\Program Files\Java\jdk-11.0.15\bin\java.dll
0x00007ff98dff0000 - 0x00007ff98dffa000 	C:\Program Files\Java\jdk-11.0.15\bin\jimage.dll
0x00007ff996cd0000 - 0x00007ff996cde000 	C:\Program Files\Java\jdk-11.0.15\bin\instrument.dll
0x00007ff98aa00000 - 0x00007ff98aa16000 	C:\Program Files\Java\jdk-11.0.15\bin\zip.dll
0x00007ff99cc00000 - 0x00007ff99d343000 	C:\WINDOWS\System32\SHELL32.dll
0x00007ff999260000 - 0x00007ff9999f1000 	C:\WINDOWS\SYSTEM32\windows.storage.dll
0x00007ff99d490000 - 0x00007ff99d7e4000 	C:\WINDOWS\System32\combase.dll
0x00007ff99ac00000 - 0x00007ff99ac30000 	C:\WINDOWS\SYSTEM32\Wldp.dll
0x00007ff99be50000 - 0x00007ff99befd000 	C:\WINDOWS\System32\SHCORE.dll
0x00007ff99bf30000 - 0x00007ff99bf85000 	C:\WINDOWS\System32\shlwapi.dll
0x00007ff99b0e0000 - 0x00007ff99b0ff000 	C:\WINDOWS\SYSTEM32\profapi.dll
0x00007ff98a9e0000 - 0x00007ff98a9f9000 	C:\Program Files\Java\jdk-11.0.15\bin\net.dll
0x00007ff98cf70000 - 0x00007ff98d07d000 	C:\WINDOWS\SYSTEM32\WINHTTP.dll
0x00007ff99a960000 - 0x00007ff99a9ca000 	C:\WINDOWS\system32\mswsock.dll
0x00007ff989d30000 - 0x00007ff989d42000 	C:\Program Files\Java\jdk-11.0.15\bin\nio.dll
0x00007ff994dc0000 - 0x00007ff994dda000 	C:\Program Files\JetBrains\IntelliJ IDEA Community Edition 2022.1.1\bin\breakgen64.dll

dbghelp: loaded successfully - version: 4.0.5 - missing functions: none
symbol engine: initialized successfully - sym options: 0x614 - pdb path: .;C:\Program Files\Java\jdk-11.0.15\bin;C:\WINDOWS\SYSTEM32;C:\WINDOWS\WinSxS\amd64_microsoft.windows.common-controls_6595b64144ccf1df_6.0.19041.1110_none_60b5254171f9507e;C:\Program Files\Java\jdk-11.0.15\bin\server;C:\Program Files\JetBrains\IntelliJ IDEA Community Edition 2022.1.1\bin

VM Arguments:
jvm_args: -ea -Duser.language=en -Didea.test.cyclic.buffer.size=1048576 -javaagent:C:\Program Files\JetBrains\IntelliJ IDEA Community Edition 2022.1.1\lib\idea_rt.jar=51021:C:\Program Files\JetBrains\IntelliJ IDEA Community Edition 2022.1.1\bin -Dfile.encoding=UTF-8 
java_command: com.intellij.rt.junit.JUnitStarter -ideVersion5 -junit4 get_request.Get05,name
java_class_path (initial): C:\Program Files\JetBrains\IntelliJ IDEA Community Edition 2022.1.1\lib\idea_rt.jar;C:\Program Files\JetBrains\IntelliJ IDEA Community Edition 2022.1.1\plugins\junit\lib\junit5-rt.jar;C:\Program Files\JetBrains\IntelliJ IDEA Community Edition 2022.1.1\plugins\junit\lib\junit-rt.jar;C:\Users\lkmnb\IdeaProjects\MyAPIPractice\target\test-classes;C:\Users\lkmnb\.m2\repository\io\rest-assured\rest-assured\5.2.0\rest-assured-5.2.0.jar;C:\Users\lkmnb\.m2\repository\org\apache\groovy\groovy\4.0.1\groovy-4.0.1.jar;C:\Users\lkmnb\.m2\repository\org\apache\groovy\groovy-xml\4.0.1\groovy-xml-4.0.1.jar;C:\Users\lkmnb\.m2\repository\org\apache\httpcomponents\httpclient\4.5.13\httpclient-4.5.13.jar;C:\Users\lkmnb\.m2\repository\org\apache\httpcomponents\httpcore\4.4.13\httpcore-4.4.13.jar;C:\Users\lkmnb\.m2\repository\commons-logging\commons-logging\1.2\commons-logging-1.2.jar;C:\Users\lkmnb\.m2\repository\commons-codec\commons-codec\1.11\commons-codec-1.11.jar;C:\Users\lkmnb\.m2\repository\org\apache\httpcomponents\httpmime\4.5.13\httpmime-4.5.13.jar;C:\Users\lkmnb\.m2\repository\org\hamcrest\hamcrest\2.1\hamcrest-2.1.jar;C:\Users\lkmnb\.m2\repository\org\ccil\cowan\tagsoup\tagsoup\1.2.1\tagsoup-1.2.1.jar;C:\Users\lkmnb\.m2\repository\io\rest-assured\json-path\5.2.0\json-path-5.2.0.jar;C:\Users\lkmnb\.m2\repository\org\apache\groovy\groovy-json\4.0.1\groovy-json-4.0.1.jar;C:\Users\lkmnb\.m2\repository\io\rest-assured\rest-assured-common\5.2.0\rest-assured-common-5.2.0.jar;C:\Users\lkmnb\.m2\repository\io\rest-assured\xml-path\5.2.0\xml-path-5.2.0.jar;C:\Users\lkmnb\.m2\repository\org\apache\commons\commons-lang3\3.11\commons-lang3-3.11.jar;C:\Users\lkmnb\.m2\repository\org\json\json\20220924\json-20220924.jar;C:\Users\lkmnb\.m2\repository\org\testng\testng\7.6.1\testng-7.6.1.jar;C:\Users\lkmnb\.m2\repository\com\google\code\findbugs\jsr305\3.0.2\jsr305-3.0.2.jar;C:\Users\lkmnb\.m2\repository\org\slf4j\slf4j-api\1.7.36\slf4j-api-1.7.36.jar;C:\Users\lkm
Launcher Type: SUN_STANDARD

[Global flags]
     intx CICompilerCount                          = 3                                         {product} {ergonomic}
     uint ConcGCThreads                            = 1                                         {product} {ergonomic}
     uint G1ConcRefinementThreads                  = 4                                         {product} {ergonomic}
   size_t G1HeapRegionSize                         = 1048576                                   {product} {ergonomic}
    uintx GCDrainStackTargetSize                   = 64                                        {product} {ergonomic}
   size_t InitialHeapSize                          = 134217728                                 {product} {ergonomic}
   size_t MarkStackSize                            = 4194304                                   {product} {ergonomic}
   size_t MaxHeapSize                              = 2118123520                                {product} {ergonomic}
   size_t MaxNewSize                               = 1270874112                                {product} {ergonomic}
   size_t MinHeapDeltaBytes                        = 1048576                                   {product} {ergonomic}
    uintx NonNMethodCodeHeapSize                   = 5830732                                {pd product} {ergonomic}
    uintx NonProfiledCodeHeapSize                  = 122913754                              {pd product} {ergonomic}
    uintx ProfiledCodeHeapSize                     = 122913754                              {pd product} {ergonomic}
    uintx ReservedCodeCacheSize                    = 251658240                              {pd product} {ergonomic}
     bool SegmentedCodeCache                       = true                                      {product} {ergonomic}
     bool UseCompressedClassPointers               = true                                 {lp64_product} {ergonomic}
     bool UseCompressedOops                        = true                                 {lp64_product} {ergonomic}
     bool UseG1GC                                  = true                                      {product} {ergonomic}
     bool UseLargePagesIndividualAllocation        = false                                  {pd product} {ergonomic}

Logging:
Log output configuration:
 #0: stdout all=warning uptime,level,tags
 #1: stderr all=off uptime,level,tags

Environment Variables:
JAVA_HOME=C:\Program Files\Java\jdk-11.0.15
PATH=C:\Program Files\Common Files\Oracle\Java\javapath;C:\WINDOWS\system32;C:\WINDOWS;C:\WINDOWS\System32\Wbem;C:\WINDOWS\System32\WindowsPowerShell\v1.0\;C:\WINDOWS\System32\OpenSSH\;C:\Program Files\Git\cmd;C:\Users\lkmnb\AppData\Local\Microsoft\WindowsApps;C:\Program Files\Java\jdk-11.0.15\bin;C:\Users\lkmnb\AppData\Local\Programs\Microsoft VS Code\bin;C:\Program Files (x86)\apache-maven-3.8.6\bin;
USERNAME=lokman
OS=Windows_NT
PROCESSOR_IDENTIFIER=Intel64 Family 6 Model 69 Stepping 1, GenuineIntel



---------------  S Y S T E M  ---------------

OS: Windows 10 , 64 bit Build 19041 (10.0.19041.1889)

CPU:total 4 (initial active 4) (2 cores per cpu, 2 threads per core) family 6 model 69 stepping 1 microcode 0x25, cmov, cx8, fxsr, mmx, sse, sse2, sse3, ssse3, sse4.1, sse4.2, popcnt, avx, avx2, aes, clmul, erms, lzcnt, ht, tsc, tscinvbit, bmi1, bmi2, fma

Memory: 4k page, system-wide physical 8075M (414M free)
TotalPageFile size 23238M (AvailPageFile size 4M)
current process WorkingSet (physical memory assigned to process): 114M, peak: 114M
current process commit charge ("private bytes"): 235M, peak: 261M

vm_info: Java HotSpot(TM) 64-Bit Server VM (11.0.15+8-LTS-149) for windows-amd64 JRE (11.0.15+8-LTS-149), built on Mar  9 2022 22:42:32 by "mach5one" with MS VC++ 15.9 (VS2017)

END.
